18446744073709551615 0 1 18446744073709551615 1 2 18446744073709551615 2 3 18446744073709551615 3 4 18446744073709551615 4 5 18446744073709551615 5 6 18446744073709551615 6 7 18446744073709551615 7 8 18446744073709551615 8 9 graph {
subgraph cluster_ref {
label="Reference";"0_0" [label="0" style=filled fontcolor=white fillcolor=black];
"0_1" [label="1" style=filled fontcolor=white fillcolor=black];
"0_2" [label="2" style=filled fontcolor=white fillcolor=black];
"0_3" [label="3" style=filled fontcolor=white fillcolor=black];
"0_4" [label="4" style=filled fontcolor=white fillcolor=black];
"0_5" [label="5" style=filled fontcolor=white fillcolor=black];
"0_6" [label="6" style=filled fontcolor=white fillcolor=black];
"0_7" [label="7" style=filled fontcolor=white fillcolor=black];
"0_8" [label="8" style=filled fontcolor=white fillcolor=black];
"0_9" [label="9" style=filled fontcolor=white fillcolor=black];
"0_8" -- "0_9" [style=dashed];
"0_7" -- "0_8" [style=dashed];
"0_6" -- "0_7" [style=dashed];
"0_5" -- "0_6" [style=dashed];
"0_4" -- "0_5" [style=dashed];
"0_3" -- "0_4" [style=dashed];
"0_2" -- "0_3" [style=dashed];
"0_1" -- "0_2" [style=dashed];
"0_0" -- "0_1" [style=dashed];
}
subgraph cluster_1 {
"1_0" [label="0" style=filled fontcolor=white fillcolor=black];
"1_1" [label="1" style=filled fontcolor=white fillcolor=black];
"1_2" [label="2" style=filled fontcolor=white fillcolor=black];
"1_3" [label="3" style=filled fontcolor=white fillcolor=black];
"1_4" [label="4" style=filled fontcolor=white fillcolor=black];
"1_5" [label="5" style=filled fontcolor=white fillcolor=black];
"1_6" [label="6" style=filled fontcolor=white fillcolor=black];
"1_7" [label="7" style=filled fontcolor=white fillcolor=black];
"1_8" [label="8" style=filled fontcolor=white fillcolor=black];
"1_9" [label="9" style=filled fontcolor=white fillcolor=black];
"1_8" -- "1_9" [style=dashed];
"1_7" -- "1_8" [style=dashed];
"1_6" -- "1_7" [style=dashed];
"1_5" -- "1_6" [style=dashed];
"1_4" -- "1_5" [style=dashed];
"1_3" -- "1_4" [style=dashed];
"1_2" -- "1_3" [style=dashed];
"1_1" -- "1_2" [style=dashed];
"1_0" -- "1_1" [style=dashed];
}
subgraph cluster_2 {
"2_0" [label="0" style=filled fontcolor=white fillcolor=black];
"2_1" [label="1" style=filled fontcolor=white fillcolor=black];
"2_2" [label="2" style=filled fontcolor=white fillcolor=black];
"2_3" [label="3" style=filled fontcolor=white fillcolor=black];
"2_4" [label="4" style=filled fontcolor=white fillcolor=black];
"2_5" [label="5" style=filled fontcolor=white fillcolor=black];
"2_6" [label="6" style=filled fontcolor=white fillcolor=black];
"2_7" [label="7" style=filled fontcolor=white fillcolor=black];
"2_8" [label="8" style=filled fontcolor=white fillcolor=black];
"2_9" [label="9" style=filled fontcolor=white fillcolor=black];
"2_8" -- "2_9" [style=dashed];
"2_7" -- "2_8" [style=dashed];
"2_6" -- "2_7" [style=dashed];
"2_5" -- "2_6" [style=dashed];
"2_4" -- "2_5" [style=dashed];
"2_3" -- "2_4" [style=dashed];
"2_2" -- "2_3" [style=dashed];
"2_1" -- "2_2" [style=dashed];
"2_0" -- "2_1" [style=dashed];
}
subgraph cluster_3 {
"3_0" [label="0" style=filled fontcolor=white fillcolor=black];
"3_1" [label="1" style=filled fontcolor=white fillcolor=black];
"3_2" [label="2" style=filled fontcolor=white fillcolor=black];
"3_3" [label="3" style=filled fontcolor=white fillcolor=black];
"3_4" [label="4" style=filled fontcolor=white fillcolor=black];
"3_5" [label="5" style=filled fontcolor=white fillcolor=black];
"3_6" [label="6" style=filled fontcolor=white fillcolor=black];
"3_7" [label="7" style=filled fontcolor=white fillcolor=black];
"3_8" [label="8" style=filled fontcolor=white fillcolor=black];
"3_9" [label="9" style=filled fontcolor=white fillcolor=black];
"3_8" -- "3_9" [style=dashed];
"3_7" -- "3_8" [style=dashed];
"3_6" -- "3_7" [style=dashed];
"3_5" -- "3_6" [style=dashed];
"3_4" -- "3_5" [style=dashed];
"3_3" -- "3_4" [style=dashed];
"3_2" -- "3_3" [style=dashed];
"3_1" -- "3_2" [style=dashed];
"3_0" -- "3_1" [style=dashed];
}
subgraph cluster_4 {
"4_0" [label="0" style=filled fontcolor=white fillcolor=black];
"4_1" [label="1" style=filled fontcolor=white fillcolor=black];
"4_2" [label="2" style=filled fontcolor=white fillcolor=black];
"4_3" [label="3" style=filled fontcolor=white fillcolor=black];
"4_4" [label="4" style=filled fontcolor=white fillcolor=black];
"4_5" [label="5" style=filled fontcolor=white fillcolor=black];
"4_6" [label="6" style=filled fontcolor=white fillcolor=black];
"4_7" [label="7" style=filled fontcolor=white fillcolor=black];
"4_8" [label="8" style=filled fontcolor=white fillcolor=black];
"4_9" [label="9" style=filled fontcolor=white fillcolor=black];
"4_8" -- "4_9" [style=dashed];
"4_7" -- "4_8" [style=dashed];
"4_6" -- "4_7" [style=dashed];
"4_5" -- "4_6" [style=dashed];
"4_4" -- "4_5" [style=dashed];
"4_3" -- "4_4" [style=dashed];
"4_2" -- "4_3" [style=dashed];
"4_1" -- "4_2" [style=dashed];
"4_0" -- "4_1" [style=dashed];
}
subgraph cluster_5 {
"5_0" [label="0" style=filled fontcolor=white fillcolor=black];
"5_1" [label="1" style=filled fontcolor=white fillcolor=black];
"5_2" [label="2" style=filled fontcolor=white fillcolor=black];
"5_3" [label="3" style=filled fontcolor=white fillcolor=black];
"5_4" [label="4" style=filled fontcolor=white fillcolor=black];
"5_5" [label="5" style=filled fontcolor=white fillcolor=black];
"5_6" [label="6" style=filled fontcolor=white fillcolor=black];
"5_7" [label="7" style=filled fontcolor=white fillcolor=black];
"5_8" [label="8" style=filled fontcolor=white fillcolor=black];
"5_9" [label="9" style=filled fontcolor=white fillcolor=black];
"5_8" -- "5_9" [style=dashed];
"5_7" -- "5_8" [style=dashed];
"5_6" -- "5_7" [style=dashed];
"5_5" -- "5_6" [style=dashed];
"5_4" -- "5_5" [style=dashed];
"5_3" -- "5_4" [style=dashed];
"5_2" -- "5_3" [style=dashed];
"5_1" -- "5_2" [style=dashed];
"5_0" -- "5_1" [style=dashed];
}
subgraph cluster_6 {
"6_0" [label="0" style=filled fontcolor=white fillcolor=black];
"6_1" [label="1" style=filled fontcolor=white fillcolor=black];
"6_2" [label="2" style=filled fontcolor=white fillcolor=black];
"6_3" [label="3" style=filled fontcolor=white fillcolor=black];
"6_4" [label="4" style=filled fontcolor=white fillcolor=black];
"6_5" [label="5" style=filled fontcolor=white fillcolor=black];
"6_6" [label="6" style=filled fontcolor=white fillcolor=black];
"6_7" [label="7" style=filled fontcolor=white fillcolor=black];
"6_8" [label="8" style=filled fontcolor=white fillcolor=black];
"6_9" [label="9" style=filled fontcolor=white fillcolor=black];
"6_8" -- "6_9" [style=dashed];
"6_7" -- "6_8" [style=dashed];
"6_6" -- "6_7" [style=dashed];
"6_5" -- "6_6" [style=dashed];
"6_4" -- "6_5" [style=dashed];
"6_3" -- "6_4" [style=dashed];
"6_2" -- "6_3" [style=dashed];
"6_1" -- "6_2" [style=dashed];
"6_0" -- "6_1" [style=dashed];
}
subgraph cluster_7 {
"7_0" [label="0" style=filled fontcolor=white fillcolor=black];
"7_1" [label="1" style=filled fontcolor=white fillcolor=black];
"7_2" [label="2" style=filled fontcolor=white fillcolor=black];
"7_3" [label="3" style=filled fontcolor=white fillcolor=black];
"7_4" [label="4" style=filled fontcolor=white fillcolor=black];
"7_5" [label="5" style=filled fontcolor=white fillcolor=black];
"7_6" [label="6" style=filled fontcolor=white fillcolor=black];
"7_7" [label="7" style=filled fontcolor=white fillcolor=black];
"7_8" [label="8" style=filled fontcolor=white fillcolor=black];
"7_9" [label="9" style=filled fontcolor=white fillcolor=black];
"7_8" -- "7_9" [style=dashed];
"7_7" -- "7_8" [style=dashed];
"7_6" -- "7_7" [style=dashed];
"7_5" -- "7_6" [style=dashed];
"7_4" -- "7_5" [style=dashed];
"7_3" -- "7_4" [style=dashed];
"7_2" -- "7_3" [style=dashed];
"7_1" -- "7_2" [style=dashed];
"7_0" -- "7_1" [style=dashed];
}
subgraph cluster_8 {
"8_0" [label="0" style=filled fontcolor=white fillcolor=black];
"8_1" [label="1" style=filled fontcolor=white fillcolor=black];
"8_2" [label="2" style=filled fontcolor=white fillcolor=black];
"8_3" [label="3" style=filled fontcolor=white fillcolor=black];
"8_4" [label="4" style=filled fontcolor=white fillcolor=black];
"8_5" [label="5" style=filled fontcolor=white fillcolor=black];
"8_6" [label="6" style=filled fontcolor=white fillcolor=black];
"8_7" [label="7" style=filled fontcolor=white fillcolor=black];
"8_8" [label="8" style=filled fontcolor=white fillcolor=black];
"8_9" [label="9" style=filled fontcolor=white fillcolor=black];
"8_8" -- "8_9" [style=dashed];
"8_7" -- "8_8" [style=dashed];
"8_6" -- "8_7" [style=dashed];
"8_5" -- "8_6" [style=dashed];
"8_4" -- "8_5" [style=dashed];
"8_3" -- "8_4" [style=dashed];
"8_2" -- "8_3" [style=dashed];
"8_1" -- "8_2" [style=dashed];
"8_0" -- "8_1" [style=dashed];
}
subgraph cluster_9 {
"9_0" [label="0" style=filled fontcolor=white fillcolor=black];
"9_1" [label="1" style=filled fontcolor=white fillcolor=black];
"9_2" [label="2" style=filled fontcolor=white fillcolor=black];
"9_3" [label="3" style=filled fontcolor=white fillcolor=black];
"9_4" [label="4" style=filled fontcolor=white fillcolor=black];
"9_5" [label="5" style=filled fontcolor=white fillcolor=black];
"9_6" [label="6" style=filled fontcolor=white fillcolor=black];
"9_7" [label="7" style=filled fontcolor=white fillcolor=black];
"9_8" [label="8" style=filled fontcolor=white fillcolor=black];
"9_9" [label="9" style=filled fontcolor=white fillcolor=black];
"9_8" -- "9_9" [style=dashed];
"9_7" -- "9_8" [style=dashed];
"9_6" -- "9_7" [style=dashed];
"9_5" -- "9_6" [style=dashed];
"9_4" -- "9_5" [style=dashed];
"9_3" -- "9_4" [style=dashed];
"9_2" -- "9_3" [style=dashed];
"9_1" -- "9_2" [style=dashed];
"9_0" -- "9_1" [style=dashed];
}
subgraph cluster_10 {
"10_0" [label="0" style=filled fontcolor=white fillcolor=black];
"10_1" [label="1" style=filled fontcolor=white fillcolor=black];
"10_2" [label="2" style=filled fontcolor=white fillcolor=black];
"10_3" [label="3" style=filled fontcolor=white fillcolor=black];
"10_4" [label="4" style=filled fontcolor=white fillcolor=black];
"10_5" [label="5" style=filled fontcolor=white fillcolor=black];
"10_6" [label="6" style=filled fontcolor=white fillcolor=black];
"10_7" [label="7" style=filled fontcolor=white fillcolor=black];
"10_8" [label="8" style=filled fontcolor=white fillcolor=black];
"10_9" [label="9" style=filled fontcolor=white fillcolor=black];
"10_8" -- "10_9" [style=dashed];
"10_7" -- "10_8" [style=dashed];
"10_6" -- "10_7" [style=dashed];
"10_5" -- "10_6" [style=dashed];
"10_4" -- "10_5" [style=dashed];
"10_3" -- "10_4" [style=dashed];
"10_2" -- "10_3" [style=dashed];
"10_1" -- "10_2" [style=dashed];
"10_0" -- "10_1" [style=dashed];
}
subgraph cluster_11 {
"11_0" [label="0" style=filled fontcolor=white fillcolor=black];
"11_1" [label="1" style=filled fontcolor=white fillcolor=black];
"11_2" [label="2" style=filled fontcolor=white fillcolor=black];
"11_3" [label="3" style=filled fontcolor=white fillcolor=black];
"11_4" [label="4" style=filled fontcolor=white fillcolor=black];
"11_5" [label="5" style=filled fontcolor=white fillcolor=black];
"11_6" [label="6" style=filled fontcolor=white fillcolor=black];
"11_7" [label="7" style=filled fontcolor=white fillcolor=black];
"11_8" [label="8" style=filled fontcolor=white fillcolor=black];
"11_9" [label="9" style=filled fontcolor=white fillcolor=black];
"11_8" -- "11_9" [style=dashed];
"11_7" -- "11_8" [style=dashed];
"11_6" -- "11_7" [style=dashed];
"11_5" -- "11_6" [style=dashed];
"11_4" -- "11_5" [style=dashed];
"11_3" -- "11_4" [style=dashed];
"11_2" -- "11_3" [style=dashed];
"11_1" -- "11_2" [style=dashed];
"11_0" -- "11_1" [style=dashed];
}
subgraph cluster_12 {
"12_0" [label="0" style=filled fontcolor=white fillcolor=black];
"12_1" [label="1" style=filled fontcolor=white fillcolor=black];
"12_2" [label="2" style=filled fontcolor=white fillcolor=black];
"12_3" [label="3" style=filled fontcolor=white fillcolor=black];
"12_4" [label="4" style=filled fontcolor=white fillcolor=black];
"12_5" [label="5" style=filled fontcolor=white fillcolor=black];
"12_6" [label="6" style=filled fontcolor=white fillcolor=black];
"12_7" [label="7" style=filled fontcolor=white fillcolor=black];
"12_8" [label="8" style=filled fontcolor=white fillcolor=black];
"12_9" [label="9" style=filled fontcolor=white fillcolor=black];
"12_8" -- "12_9" [style=dashed];
"12_7" -- "12_8" [style=dashed];
"12_6" -- "12_7" [style=dashed];
"12_5" -- "12_6" [style=dashed];
"12_4" -- "12_5" [style=dashed];
"12_3" -- "12_4" [style=dashed];
"12_2" -- "12_3" [style=dashed];
"12_1" -- "12_2" [style=dashed];
"12_0" -- "12_1" [style=dashed];
}
subgraph cluster_13 {
"13_0" [label="0" style=filled fontcolor=white fillcolor=black];
"13_1" [label="1" style=filled fontcolor=white fillcolor=black];
"13_2" [label="2" style=filled fontcolor=white fillcolor=black];
"13_3" [label="3" style=filled fontcolor=white fillcolor=black];
"13_4" [label="4" style=filled fontcolor=white fillcolor=black];
"13_5" [label="5" style=filled fontcolor=white fillcolor=black];
"13_6" [label="6" style=filled fontcolor=white fillcolor=black];
"13_7" [label="7" style=filled fontcolor=white fillcolor=black];
"13_8" [label="8" style=filled fontcolor=white fillcolor=black];
"13_9" [label="9" style=filled fontcolor=white fillcolor=black];
"13_8" -- "13_9" [style=dashed];
"13_7" -- "13_8" [style=dashed];
"13_6" -- "13_7" [style=dashed];
"13_5" -- "13_6" [style=dashed];
"13_4" -- "13_5" [style=dashed];
"13_3" -- "13_4" [style=dashed];
"13_2" -- "13_3" [style=dashed];
"13_1" -- "13_2" [style=dashed];
"13_0" -- "13_1" [style=dashed];
}
subgraph cluster_14 {
"14_0" [label="0" style=filled fontcolor=white fillcolor=black];
"14_1" [label="1" style=filled fontcolor=white fillcolor=black];
"14_2" [label="2" style=filled fontcolor=white fillcolor=black];
"14_3" [label="3" style=filled fontcolor=white fillcolor=black];
"14_4" [label="4" style=filled fontcolor=white fillcolor=black];
"14_5" [label="5" style=filled fontcolor=white fillcolor=black];
"14_6" [label="6" style=filled fontcolor=white fillcolor=black];
"14_7" [label="7" style=filled fontcolor=white fillcolor=black];
"14_8" [label="8" style=filled fontcolor=white fillcolor=black];
"14_9" [label="9" style=filled fontcolor=white fillcolor=black];
"14_8" -- "14_9" [style=dashed];
"14_7" -- "14_8" [style=dashed];
"14_6" -- "14_7" [style=dashed];
"14_5" -- "14_6" [style=dashed];
"14_4" -- "14_5" [style=dashed];
"14_3" -- "14_4" [style=dashed];
"14_2" -- "14_3" [style=dashed];
"14_1" -- "14_2" [style=dashed];
"14_0" -- "14_1" [style=dashed];
}
subgraph cluster_15 {
"15_0" [label="0" style=filled fontcolor=white fillcolor=black];
"15_1" [label="1" style=filled fontcolor=white fillcolor=black];
"15_2" [label="2" style=filled fontcolor=white fillcolor=black];
"15_3" [label="3" style=filled fontcolor=white fillcolor=black];
"15_4" [label="4" style=filled fontcolor=white fillcolor=black];
"15_5" [label="5" style=filled fontcolor=white fillcolor=black];
"15_6" [label="6" style=filled fontcolor=white fillcolor=black];
"15_7" [label="7" style=filled fontcolor=white fillcolor=black];
"15_8" [label="8" style=filled fontcolor=white fillcolor=black];
"15_9" [label="9" style=filled fontcolor=white fillcolor=black];
"15_8" -- "15_9" [style=dashed];
"15_7" -- "15_8" [style=dashed];
"15_6" -- "15_7" [style=dashed];
"15_5" -- "15_6" [style=dashed];
"15_4" -- "15_5" [style=dashed];
"15_3" -- "15_4" [style=dashed];
"15_2" -- "15_3" [style=dashed];
"15_1" -- "15_2" [style=dashed];
"15_0" -- "15_1" [style=dashed];
}
subgraph cluster_16 {
"16_0" [label="0" style=filled fontcolor=white fillcolor=black];
"16_1" [label="1" style=filled fontcolor=white fillcolor=black];
"16_2" [label="2" style=filled fontcolor=white fillcolor=black];
"16_3" [label="3" style=filled fontcolor=white fillcolor=black];
"16_4" [label="4" style=filled fontcolor=white fillcolor=black];
"16_5" [label="5" style=filled fontcolor=white fillcolor=black];
"16_6" [label="6" style=filled fontcolor=white fillcolor=black];
"16_7" [label="7" style=filled fontcolor=white fillcolor=black];
"16_8" [label="8" style=filled fontcolor=white fillcolor=black];
"16_9" [label="9" style=filled fontcolor=white fillcolor=black];
"16_8" -- "16_9" [style=dashed];
"16_7" -- "16_8" [style=dashed];
"16_6" -- "16_7" [style=dashed];
"16_5" -- "16_6" [style=dashed];
"16_4" -- "16_5" [style=dashed];
"16_3" -- "16_4" [style=dashed];
"16_2" -- "16_3" [style=dashed];
"16_1" -- "16_2" [style=dashed];
"16_0" -- "16_1" [style=dashed];
}
subgraph cluster_17 {
"17_0" [label="0" style=filled fontcolor=white fillcolor=black];
"17_1" [label="1" style=filled fontcolor=white fillcolor=black];
"17_2" [label="2" style=filled fontcolor=white fillcolor=black];
"17_3" [label="3" style=filled fontcolor=white fillcolor=black];
"17_4" [label="4" style=filled fontcolor=white fillcolor=black];
"17_5" [label="5" style=filled fontcolor=white fillcolor=black];
"17_6" [label="6" style=filled fontcolor=white fillcolor=black];
"17_7" [label="7" style=filled fontcolor=white fillcolor=black];
"17_8" [label="8" style=filled fontcolor=white fillcolor=black];
"17_9" [label="9" style=filled fontcolor=white fillcolor=black];
"17_8" -- "17_9" [style=dashed];
"17_7" -- "17_8" [style=dashed];
"17_6" -- "17_7" [style=dashed];
"17_5" -- "17_6" [style=dashed];
"17_4" -- "17_5" [style=dashed];
"17_3" -- "17_4" [style=dashed];
"17_2" -- "17_3" [style=dashed];
"17_1" -- "17_2" [style=dashed];
"17_0" -- "17_1" [style=dashed];
}
subgraph cluster_18 {
"18_0" [label="0" style=filled fontcolor=white fillcolor=black];
"18_1" [label="1" style=filled fontcolor=white fillcolor=black];
"18_2" [label="2" style=filled fontcolor=white fillcolor=black];
"18_3" [label="3" style=filled fontcolor=white fillcolor=black];
"18_4" [label="4" style=filled fontcolor=white fillcolor=black];
"18_5" [label="5" style=filled fontcolor=white fillcolor=black];
"18_6" [label="6" style=filled fontcolor=white fillcolor=black];
"18_7" [label="7" style=filled fontcolor=white fillcolor=black];
"18_8" [label="8" style=filled fontcolor=white fillcolor=black];
"18_9" [label="9" style=filled fontcolor=white fillcolor=black];
"18_8" -- "18_9" [style=dashed];
"18_7" -- "18_8" [style=dashed];
"18_6" -- "18_7" [style=dashed];
"18_5" -- "18_6" [style=dashed];
"18_4" -- "18_5" [style=dashed];
"18_3" -- "18_4" [style=dashed];
"18_2" -- "18_3" [style=dashed];
"18_1" -- "18_2" [style=dashed];
"18_0" -- "18_1" [style=dashed];
}
subgraph cluster_19 {
"19_0" [label="0" style=filled fontcolor=white fillcolor=black];
"19_1" [label="1" style=filled fontcolor=white fillcolor=black];
"19_2" [label="2" style=filled fontcolor=white fillcolor=black];
"19_3" [label="3" style=filled fontcolor=white fillcolor=black];
"19_4" [label="4" style=filled fontcolor=white fillcolor=black];
"19_5" [label="5" style=filled fontcolor=white fillcolor=black];
"19_6" [label="6" style=filled fontcolor=white fillcolor=black];
"19_7" [label="7" style=filled fontcolor=white fillcolor=black];
"19_8" [label="8" style=filled fontcolor=white fillcolor=black];
"19_9" [label="9" style=filled fontcolor=white fillcolor=black];
"19_8" -- "19_9" [style=dashed];
"19_7" -- "19_8" [style=dashed];
"19_6" -- "19_7" [style=dashed];
"19_5" -- "19_6" [style=dashed];
"19_4" -- "19_5" [style=dashed];
"19_3" -- "19_4" [style=dashed];
"19_2" -- "19_3" [style=dashed];
"19_1" -- "19_2" [style=dashed];
"19_0" -- "19_1" [style=dashed];
}
subgraph cluster_20 {
"20_0" [label="0" style=filled fontcolor=white fillcolor=black];
"20_1" [label="1" style=filled fontcolor=white fillcolor=black];
"20_2" [label="2" style=filled fontcolor=white fillcolor=black];
"20_3" [label="3" style=filled fontcolor=white fillcolor=black];
"20_4" [label="4" style=filled fontcolor=white fillcolor=black];
"20_5" [label="5" style=filled fontcolor=white fillcolor=black];
"20_6" [label="6" style=filled fontcolor=white fillcolor=black];
"20_7" [label="7" style=filled fontcolor=white fillcolor=black];
"20_8" [label="8" style=filled fontcolor=white fillcolor=black];
"20_9" [label="9" style=filled fontcolor=white fillcolor=black];
"20_8" -- "20_9" [style=dashed];
"20_7" -- "20_8" [style=dashed];
"20_6" -- "20_7" [style=dashed];
"20_5" -- "20_6" [style=dashed];
"20_4" -- "20_5" [style=dashed];
"20_3" -- "20_4" [style=dashed];
"20_2" -- "20_3" [style=dashed];
"20_1" -- "20_2" [style=dashed];
"20_0" -- "20_1" [style=dashed];
}
subgraph cluster_21 {
"21_0" [label="0" style=filled fontcolor=white fillcolor=black];
"21_1" [label="1" style=filled fontcolor=white fillcolor=black];
"21_2" [label="2" style=filled fontcolor=white fillcolor=black];
"21_3" [label="3" style=filled fontcolor=white fillcolor=black];
"21_4" [label="4" style=filled fontcolor=white fillcolor=black];
"21_5" [label="5" style=filled fontcolor=white fillcolor=black];
"21_6" [label="6" style=filled fontcolor=white fillcolor=black];
"21_7" [label="7" style=filled fontcolor=white fillcolor=black];
"21_8" [label="8" style=filled fontcolor=white fillcolor=black];
"21_9" [label="9" style=filled fontcolor=white fillcolor=black];
"21_8" -- "21_9" [style=dashed];
"21_7" -- "21_8" [style=dashed];
"21_6" -- "21_7" [style=dashed];
"21_5" -- "21_6" [style=dashed];
"21_4" -- "21_5" [style=dashed];
"21_3" -- "21_4" [style=dashed];
"21_2" -- "21_3" [style=dashed];
"21_1" -- "21_2" [style=dashed];
"21_0" -- "21_1" [style=dashed];
}
subgraph cluster_22 {
"22_0" [label="0" style=filled fontcolor=white fillcolor=black];
"22_1" [label="1" style=filled fontcolor=white fillcolor=black];
"22_2" [label="2" style=filled fontcolor=white fillcolor=black];
"22_3" [label="3" style=filled fontcolor=white fillcolor=black];
"22_4" [label="4" style=filled fontcolor=white fillcolor=black];
"22_5" [label="5" style=filled fontcolor=white fillcolor=black];
"22_6" [label="6" style=filled fontcolor=white fillcolor=black];
"22_7" [label="7" style=filled fontcolor=white fillcolor=black];
"22_8" [label="8" style=filled fontcolor=white fillcolor=black];
"22_9" [label="9" style=filled fontcolor=white fillcolor=black];
"22_8" -- "22_9" [style=dashed];
"22_7" -- "22_8" [style=dashed];
"22_6" -- "22_7" [style=dashed];
"22_5" -- "22_6" [style=dashed];
"22_4" -- "22_5" [style=dashed];
"22_3" -- "22_4" [style=dashed];
"22_2" -- "22_3" [style=dashed];
"22_1" -- "22_2" [style=dashed];
"22_0" -- "22_1" [style=dashed];
}
subgraph cluster_23 {
"23_0" [label="0" style=filled fontcolor=white fillcolor=black];
"23_1" [label="1" style=filled fontcolor=white fillcolor=black];
"23_2" [label="2" style=filled fontcolor=white fillcolor=black];
"23_3" [label="3" style=filled fontcolor=white fillcolor=black];
"23_4" [label="4" style=filled fontcolor=white fillcolor=black];
"23_5" [label="5" style=filled fontcolor=white fillcolor=black];
"23_6" [label="6" style=filled fontcolor=white fillcolor=black];
"23_7" [label="7" style=filled fontcolor=white fillcolor=black];
"23_8" [label="8" style=filled fontcolor=white fillcolor=black];
"23_9" [label="9" style=filled fontcolor=white fillcolor=black];
"23_8" -- "23_9" [style=dashed];
"23_7" -- "23_8" [style=dashed];
"23_6" -- "23_7" [style=dashed];
"23_5" -- "23_6" [style=dashed];
"23_4" -- "23_5" [style=dashed];
"23_3" -- "23_4" [style=dashed];
"23_2" -- "23_3" [style=dashed];
"23_1" -- "23_2" [style=dashed];
"23_0" -- "23_1" [style=dashed];
}
subgraph cluster_24 {
"24_0" [label="0" style=filled fontcolor=white fillcolor=black];
"24_1" [label="1" style=filled fontcolor=white fillcolor=black];
"24_2" [label="2" style=filled fontcolor=white fillcolor=black];
"24_3" [label="3" style=filled fontcolor=white fillcolor=black];
"24_4" [label="4" style=filled fontcolor=white fillcolor=black];
"24_5" [label="5" style=filled fontcolor=white fillcolor=black];
"24_6" [label="6" style=filled fontcolor=white fillcolor=black];
"24_7" [label="7" style=filled fontcolor=white fillcolor=black];
"24_8" [label="8" style=filled fontcolor=white fillcolor=black];
"24_9" [label="9" style=filled fontcolor=white fillcolor=black];
"24_8" -- "24_9" [style=dashed];
"24_7" -- "24_8" [style=dashed];
"24_6" -- "24_7" [style=dashed];
"24_5" -- "24_6" [style=dashed];
"24_4" -- "24_5" [style=dashed];
"24_3" -- "24_4" [style=dashed];
"24_2" -- "24_3" [style=dashed];
"24_1" -- "24_2" [style=dashed];
"24_0" -- "24_1" [style=dashed];
}
subgraph cluster_25 {
"25_0" [label="0" style=filled fontcolor=white fillcolor=black];
"25_1" [label="1" style=filled fontcolor=white fillcolor=black];
"25_2" [label="2" style=filled fontcolor=white fillcolor=black];
"25_3" [label="3" style=filled fontcolor=white fillcolor=black];
"25_4" [label="4" style=filled fontcolor=white fillcolor=black];
"25_5" [label="5" style=filled fontcolor=white fillcolor=black];
"25_6" [label="6" style=filled fontcolor=white fillcolor=black];
"25_7" [label="7" style=filled fontcolor=white fillcolor=black];
"25_8" [label="8" style=filled fontcolor=white fillcolor=black];
"25_9" [label="9" style=filled fontcolor=white fillcolor=black];
"25_8" -- "25_9" [style=dashed];
"25_7" -- "25_8" [style=dashed];
"25_6" -- "25_7" [style=dashed];
"25_5" -- "25_6" [style=dashed];
"25_4" -- "25_5" [style=dashed];
"25_3" -- "25_4" [style=dashed];
"25_2" -- "25_3" [style=dashed];
"25_1" -- "25_2" [style=dashed];
"25_0" -- "25_1" [style=dashed];
}
subgraph cluster_26 {
"26_0" [label="0" style=filled fontcolor=white fillcolor=black];
"26_1" [label="1" style=filled fontcolor=white fillcolor=black];
"26_2" [label="2" style=filled fontcolor=white fillcolor=black];
"26_3" [label="3" style=filled fontcolor=white fillcolor=black];
"26_4" [label="4" style=filled fontcolor=white fillcolor=black];
"26_5" [label="5" style=filled fontcolor=white fillcolor=black];
"26_6" [label="6" style=filled fontcolor=white fillcolor=black];
"26_7" [label="7" style=filled fontcolor=white fillcolor=black];
"26_8" [label="8" style=filled fontcolor=white fillcolor=black];
"26_9" [label="9" style=filled fontcolor=white fillcolor=black];
"26_8" -- "26_9" [style=dashed];
"26_7" -- "26_8" [style=dashed];
"26_6" -- "26_7" [style=dashed];
"26_5" -- "26_6" [style=dashed];
"26_4" -- "26_5" [style=dashed];
"26_3" -- "26_4" [style=dashed];
"26_2" -- "26_3" [style=dashed];
"26_1" -- "26_2" [style=dashed];
"26_0" -- "26_1" [style=dashed];
}
subgraph cluster_27 {
"27_0" [label="0" style=filled fontcolor=white fillcolor=black];
"27_1" [label="1" style=filled fontcolor=white fillcolor=black];
"27_2" [label="2" style=filled fontcolor=white fillcolor=black];
"27_3" [label="3" style=filled fontcolor=white fillcolor=black];
"27_4" [label="4" style=filled fontcolor=white fillcolor=black];
"27_5" [label="5" style=filled fontcolor=white fillcolor=black];
"27_6" [label="6" style=filled fontcolor=white fillcolor=black];
"27_7" [label="7" style=filled fontcolor=white fillcolor=black];
"27_8" [label="8" style=filled fontcolor=white fillcolor=black];
"27_9" [label="9" style=filled fontcolor=white fillcolor=black];
"27_8" -- "27_9" [style=dashed];
"27_7" -- "27_8" [style=dashed];
"27_6" -- "27_7" [style=dashed];
"27_5" -- "27_6" [style=dashed];
"27_4" -- "27_5" [style=dashed];
"27_3" -- "27_4" [style=dashed];
"27_2" -- "27_3" [style=dashed];
"27_1" -- "27_2" [style=dashed];
"27_0" -- "27_1" [style=dashed];
}
subgraph cluster_28 {
"28_0" [label="0" style=filled fontcolor=white fillcolor=black];
"28_1" [label="1" style=filled fontcolor=white fillcolor=black];
"28_2" [label="2" style=filled fontcolor=white fillcolor=black];
"28_3" [label="3" style=filled fontcolor=white fillcolor=black];
"28_4" [label="4" style=filled fontcolor=white fillcolor=black];
"28_5" [label="5" style=filled fontcolor=white fillcolor=black];
"28_6" [label="6" style=filled fontcolor=white fillcolor=black];
"28_7" [label="7" style=filled fontcolor=white fillcolor=black];
"28_8" [label="8" style=filled fontcolor=white fillcolor=black];
"28_9" [label="9" style=filled fontcolor=white fillcolor=black];
"28_8" -- "28_9" [style=dashed];
"28_7" -- "28_8" [style=dashed];
"28_6" -- "28_7" [style=dashed];
"28_5" -- "28_6" [style=dashed];
"28_4" -- "28_5" [style=dashed];
"28_3" -- "28_4" [style=dashed];
"28_2" -- "28_3" [style=dashed];
"28_1" -- "28_2" [style=dashed];
"28_0" -- "28_1" [style=dashed];
}
subgraph cluster_29 {
"29_0" [label="0" style=filled fontcolor=white fillcolor=black];
"29_1" [label="1" style=filled fontcolor=white fillcolor=black];
"29_2" [label="2" style=filled fontcolor=white fillcolor=black];
"29_3" [label="3" style=filled fontcolor=white fillcolor=black];
"29_4" [label="4" style=filled fontcolor=white fillcolor=black];
"29_5" [label="5" style=filled fontcolor=white fillcolor=black];
"29_6" [label="6" style=filled fontcolor=white fillcolor=black];
"29_7" [label="7" style=filled fontcolor=white fillcolor=black];
"29_8" [label="8" style=filled fontcolor=white fillcolor=black];
"29_9" [label="9" style=filled fontcolor=white fillcolor=black];
"29_8" -- "29_9" [style=dashed];
"29_7" -- "29_8" [style=dashed];
"29_6" -- "29_7" [style=dashed];
"29_5" -- "29_6" [style=dashed];
"29_4" -- "29_5" [style=dashed];
"29_3" -- "29_4" [style=dashed];
"29_2" -- "29_3" [style=dashed];
"29_1" -- "29_2" [style=dashed];
"29_0" -- "29_1" [style=dashed];
}
subgraph cluster_30 {
"30_0" [label="0" style=filled fontcolor=white fillcolor=black];
"30_1" [label="1" style=filled fontcolor=white fillcolor=black];
"30_2" [label="2" style=filled fontcolor=white fillcolor=black];
"30_3" [label="3" style=filled fontcolor=white fillcolor=black];
"30_4" [label="4" style=filled fontcolor=white fillcolor=black];
"30_5" [label="5" style=filled fontcolor=white fillcolor=black];
"30_6" [label="6" style=filled fontcolor=white fillcolor=black];
"30_7" [label="7" style=filled fontcolor=white fillcolor=black];
"30_8" [label="8" style=filled fontcolor=white fillcolor=black];
"30_9" [label="9" style=filled fontcolor=white fillcolor=black];
"30_8" -- "30_9" [style=dashed];
"30_7" -- "30_8" [style=dashed];
"30_6" -- "30_7" [style=dashed];
"30_5" -- "30_6" [style=dashed];
"30_4" -- "30_5" [style=dashed];
"30_3" -- "30_4" [style=dashed];
"30_2" -- "30_3" [style=dashed];
"30_1" -- "30_2" [style=dashed];
"30_0" -- "30_1" [style=dashed];
}
subgraph cluster_31 {
"31_0" [label="0" style=filled fontcolor=white fillcolor=black];
"31_1" [label="1" style=filled fontcolor=white fillcolor=black];
"31_2" [label="2" style=filled fontcolor=white fillcolor=black];
"31_3" [label="3" style=filled fontcolor=white fillcolor=black];
"31_4" [label="4" style=filled fontcolor=white fillcolor=black];
"31_5" [label="5" style=filled fontcolor=white fillcolor=black];
"31_6" [label="6" style=filled fontcolor=white fillcolor=black];
"31_7" [label="7" style=filled fontcolor=white fillcolor=black];
"31_8" [label="8" style=filled fontcolor=white fillcolor=black];
"31_9" [label="9" style=filled fontcolor=white fillcolor=black];
"31_8" -- "31_9" [style=dashed];
"31_7" -- "31_8" [style=dashed];
"31_6" -- "31_7" [style=dashed];
"31_5" -- "31_6" [style=dashed];
"31_4" -- "31_5" [style=dashed];
"31_3" -- "31_4" [style=dashed];
"31_2" -- "31_3" [style=dashed];
"31_1" -- "31_2" [style=dashed];
"31_0" -- "31_1" [style=dashed];
}
subgraph cluster_32 {
"32_0" [label="0" style=filled fontcolor=white fillcolor=black];
"32_1" [label="1" style=filled fontcolor=white fillcolor=black];
"32_2" [label="2" style=filled fontcolor=white fillcolor=black];
"32_3" [label="3" style=filled fontcolor=white fillcolor=black];
"32_4" [label="4" style=filled fontcolor=white fillcolor=black];
"32_5" [label="5" style=filled fontcolor=white fillcolor=black];
"32_6" [label="6" style=filled fontcolor=white fillcolor=black];
"32_7" [label="7" style=filled fontcolor=white fillcolor=black];
"32_8" [label="8" style=filled fontcolor=white fillcolor=black];
"32_9" [label="9" style=filled fontcolor=white fillcolor=black];
"32_8" -- "32_9" [style=dashed];
"32_7" -- "32_8" [style=dashed];
"32_6" -- "32_7" [style=dashed];
"32_5" -- "32_6" [style=dashed];
"32_4" -- "32_5" [style=dashed];
"32_3" -- "32_4" [style=dashed];
"32_2" -- "32_3" [style=dashed];
"32_1" -- "32_2" [style=dashed];
"32_0" -- "32_1" [style=dashed];
}
subgraph cluster_33 {
"33_0" [label="0" style=filled fontcolor=white fillcolor=black];
"33_1" [label="1" style=filled fontcolor=white fillcolor=black];
"33_2" [label="2" style=filled fontcolor=white fillcolor=black];
"33_3" [label="3" style=filled fontcolor=white fillcolor=black];
"33_4" [label="4" style=filled fontcolor=white fillcolor=black];
"33_5" [label="5" style=filled fontcolor=white fillcolor=black];
"33_6" [label="6" style=filled fontcolor=white fillcolor=black];
"33_7" [label="7" style=filled fontcolor=white fillcolor=black];
"33_8" [label="8" style=filled fontcolor=white fillcolor=black];
"33_9" [label="9" style=filled fontcolor=white fillcolor=black];
"33_8" -- "33_9" [style=dashed];
"33_7" -- "33_8" [style=dashed];
"33_6" -- "33_7" [style=dashed];
"33_5" -- "33_6" [style=dashed];
"33_4" -- "33_5" [style=dashed];
"33_3" -- "33_4" [style=dashed];
"33_2" -- "33_3" [style=dashed];
"33_1" -- "33_2" [style=dashed];
"33_0" -- "33_1" [style=dashed];
}
subgraph cluster_34 {
"34_0" [label="0" style=filled fontcolor=white fillcolor=black];
"34_1" [label="1" style=filled fontcolor=white fillcolor=black];
"34_2" [label="2" style=filled fontcolor=white fillcolor=black];
"34_3" [label="3" style=filled fontcolor=white fillcolor=black];
"34_4" [label="4" style=filled fontcolor=white fillcolor=black];
"34_5" [label="5" style=filled fontcolor=white fillcolor=black];
"34_6" [label="6" style=filled fontcolor=white fillcolor=black];
"34_7" [label="7" style=filled fontcolor=white fillcolor=black];
"34_8" [label="8" style=filled fontcolor=white fillcolor=black];
"34_9" [label="9" style=filled fontcolor=white fillcolor=black];
"34_8" -- "34_9" [style=dashed];
"34_7" -- "34_8" [style=dashed];
"34_6" -- "34_7" [style=dashed];
"34_5" -- "34_6" [style=dashed];
"34_4" -- "34_5" [style=dashed];
"34_3" -- "34_4" [style=dashed];
"34_2" -- "34_3" [style=dashed];
"34_1" -- "34_2" [style=dashed];
"34_0" -- "34_1" [style=dashed];
}
subgraph cluster_35 {
"35_0" [label="0" style=filled fontcolor=white fillcolor=black];
"35_1" [label="1" style=filled fontcolor=white fillcolor=black];
"35_2" [label="2" style=filled fontcolor=white fillcolor=black];
"35_3" [label="3" style=filled fontcolor=white fillcolor=black];
"35_4" [label="4" style=filled fontcolor=white fillcolor=black];
"35_5" [label="5" style=filled fontcolor=white fillcolor=black];
"35_6" [label="6" style=filled fontcolor=white fillcolor=black];
"35_7" [label="7" style=filled fontcolor=white fillcolor=black];
"35_8" [label="8" style=filled fontcolor=white fillcolor=black];
"35_9" [label="9" style=filled fontcolor=white fillcolor=black];
"35_8" -- "35_9" [style=dashed];
"35_7" -- "35_8" [style=dashed];
"35_6" -- "35_7" [style=dashed];
"35_5" -- "35_6" [style=dashed];
"35_4" -- "35_5" [style=dashed];
"35_3" -- "35_4" [style=dashed];
"35_2" -- "35_3" [style=dashed];
"35_1" -- "35_2" [style=dashed];
"35_0" -- "35_1" [style=dashed];
}
subgraph cluster_36 {
"36_0" [label="0" style=filled fontcolor=white fillcolor=black];
"36_1" [label="1" style=filled fontcolor=white fillcolor=black];
"36_2" [label="2" style=filled fontcolor=white fillcolor=black];
"36_3" [label="3" style=filled fontcolor=white fillcolor=black];
"36_4" [label="4" style=filled fontcolor=white fillcolor=black];
"36_5" [label="5" style=filled fontcolor=white fillcolor=black];
"36_6" [label="6" style=filled fontcolor=white fillcolor=black];
"36_7" [label="7" style=filled fontcolor=white fillcolor=black];
"36_8" [label="8" style=filled fontcolor=white fillcolor=black];
"36_9" [label="9" style=filled fontcolor=white fillcolor=black];
"36_8" -- "36_9" [style=dashed];
"36_7" -- "36_8" [style=dashed];
"36_6" -- "36_7" [style=dashed];
"36_5" -- "36_6" [style=dashed];
"36_4" -- "36_5" [style=dashed];
"36_3" -- "36_4" [style=dashed];
"36_2" -- "36_3" [style=dashed];
"36_1" -- "36_2" [style=dashed];
"36_0" -- "36_1" [style=dashed];
}
subgraph cluster_37 {
"37_0" [label="0" style=filled fontcolor=white fillcolor=black];
"37_1" [label="1" style=filled fontcolor=white fillcolor=black];
"37_2" [label="2" style=filled fontcolor=white fillcolor=black];
"37_3" [label="3" style=filled fontcolor=white fillcolor=black];
"37_4" [label="4" style=filled fontcolor=white fillcolor=black];
"37_5" [label="5" style=filled fontcolor=white fillcolor=black];
"37_6" [label="6" style=filled fontcolor=white fillcolor=black];
"37_7" [label="7" style=filled fontcolor=white fillcolor=black];
"37_8" [label="8" style=filled fontcolor=white fillcolor=black];
"37_9" [label="9" style=filled fontcolor=white fillcolor=black];
"37_8" -- "37_9" [style=dashed];
"37_7" -- "37_8" [style=dashed];
"37_6" -- "37_7" [style=dashed];
"37_5" -- "37_6" [style=dashed];
"37_4" -- "37_5" [style=dashed];
"37_3" -- "37_4" [style=dashed];
"37_2" -- "37_3" [style=dashed];
"37_1" -- "37_2" [style=dashed];
"37_0" -- "37_1" [style=dashed];
}
subgraph cluster_38 {
"38_0" [label="0" style=filled fontcolor=white fillcolor=black];
"38_1" [label="1" style=filled fontcolor=white fillcolor=black];
"38_2" [label="2" style=filled fontcolor=white fillcolor=black];
"38_3" [label="3" style=filled fontcolor=white fillcolor=black];
"38_4" [label="4" style=filled fontcolor=white fillcolor=black];
"38_5" [label="5" style=filled fontcolor=white fillcolor=black];
"38_6" [label="6" style=filled fontcolor=white fillcolor=black];
"38_7" [label="7" style=filled fontcolor=white fillcolor=black];
"38_8" [label="8" style=filled fontcolor=white fillcolor=black];
"38_9" [label="9" style=filled fontcolor=white fillcolor=black];
"38_8" -- "38_9" [style=dashed];
"38_7" -- "38_8" [style=dashed];
"38_6" -- "38_7" [style=dashed];
"38_5" -- "38_6" [style=dashed];
"38_4" -- "38_5" [style=dashed];
"38_3" -- "38_4" [style=dashed];
"38_2" -- "38_3" [style=dashed];
"38_1" -- "38_2" [style=dashed];
"38_0" -- "38_1" [style=dashed];
}
subgraph cluster_39 {
"39_0" [label="0" style=filled fontcolor=white fillcolor=black];
"39_1" [label="1" style=filled fontcolor=white fillcolor=black];
"39_2" [label="2" style=filled fontcolor=white fillcolor=black];
"39_3" [label="3" style=filled fontcolor=white fillcolor=black];
"39_4" [label="4" style=filled fontcolor=white fillcolor=black];
"39_5" [label="5" style=filled fontcolor=white fillcolor=black];
"39_6" [label="6" style=filled fontcolor=white fillcolor=black];
"39_7" [label="7" style=filled fontcolor=white fillcolor=black];
"39_8" [label="8" style=filled fontcolor=white fillcolor=black];
"39_9" [label="9" style=filled fontcolor=white fillcolor=black];
"39_8" -- "39_9" [style=dashed];
"39_7" -- "39_8" [style=dashed];
"39_6" -- "39_7" [style=dashed];
"39_5" -- "39_6" [style=dashed];
"39_4" -- "39_5" [style=dashed];
"39_3" -- "39_4" [style=dashed];
"39_2" -- "39_3" [style=dashed];
"39_1" -- "39_2" [style=dashed];
"39_0" -- "39_1" [style=dashed];
}
subgraph cluster_40 {
"40_0" [label="0" style=filled fontcolor=white fillcolor=black];
"40_1" [label="1" style=filled fontcolor=white fillcolor=black];
"40_2" [label="2" style=filled fontcolor=white fillcolor=black];
"40_3" [label="3" style=filled fontcolor=white fillcolor=black];
"40_4" [label="4" style=filled fontcolor=white fillcolor=black];
"40_5" [label="5" style=filled fontcolor=white fillcolor=black];
"40_6" [label="6" style=filled fontcolor=white fillcolor=black];
"40_7" [label="7" style=filled fontcolor=white fillcolor=black];
"40_8" [label="8" style=filled fontcolor=white fillcolor=black];
"40_9" [label="9" style=filled fontcolor=white fillcolor=black];
"40_8" -- "40_9" [style=dashed];
"40_7" -- "40_8" [style=dashed];
"40_6" -- "40_7" [style=dashed];
"40_5" -- "40_6" [style=dashed];
"40_4" -- "40_5" [style=dashed];
"40_3" -- "40_4" [style=dashed];
"40_2" -- "40_3" [style=dashed];
"40_1" -- "40_2" [style=dashed];
"40_0" -- "40_1" [style=dashed];
}
subgraph cluster_41 {
"41_0" [label="0" style=filled fontcolor=white fillcolor=black];
"41_1" [label="1" style=filled fontcolor=white fillcolor=black];
"41_2" [label="2" style=filled fontcolor=white fillcolor=black];
"41_3" [label="3" style=filled fontcolor=white fillcolor=black];
"41_4" [label="4" style=filled fontcolor=white fillcolor=black];
"41_5" [label="5" style=filled fontcolor=white fillcolor=black];
"41_6" [label="6" style=filled fontcolor=white fillcolor=black];
"41_7" [label="7" style=filled fontcolor=white fillcolor=black];
"41_8" [label="8" style=filled fontcolor=white fillcolor=black];
"41_9" [label="9" style=filled fontcolor=white fillcolor=black];
"41_8" -- "41_9" [style=dashed];
"41_7" -- "41_8" [style=dashed];
"41_6" -- "41_7" [style=dashed];
"41_5" -- "41_6" [style=dashed];
"41_4" -- "41_5" [style=dashed];
"41_3" -- "41_4" [style=dashed];
"41_2" -- "41_3" [style=dashed];
"41_1" -- "41_2" [style=dashed];
"41_0" -- "41_1" [style=dashed];
}
subgraph cluster_42 {
"42_0" [label="0" style=filled fontcolor=white fillcolor=black];
"42_1" [label="1" style=filled fontcolor=white fillcolor=black];
"42_2" [label="2" style=filled fontcolor=white fillcolor=black];
"42_3" [label="3" style=filled fontcolor=white fillcolor=black];
"42_4" [label="4" style=filled fontcolor=white fillcolor=black];
"42_5" [label="5" style=filled fontcolor=white fillcolor=black];
"42_6" [label="6" style=filled fontcolor=white fillcolor=black];
"42_7" [label="7" style=filled fontcolor=white fillcolor=black];
"42_8" [label="8" style=filled fontcolor=white fillcolor=black];
"42_9" [label="9" style=filled fontcolor=white fillcolor=black];
"42_8" -- "42_9" [style=dashed];
"42_7" -- "42_8" [style=dashed];
"42_6" -- "42_7" [style=dashed];
"42_5" -- "42_6" [style=dashed];
"42_4" -- "42_5" [style=dashed];
"42_3" -- "42_4" [style=dashed];
"42_2" -- "42_3" [style=dashed];
"42_1" -- "42_2" [style=dashed];
"42_0" -- "42_1" [style=dashed];
}
subgraph cluster_43 {
"43_0" [label="0" style=filled fontcolor=white fillcolor=black];
"43_1" [label="1" style=filled fontcolor=white fillcolor=black];
"43_2" [label="2" style=filled fontcolor=white fillcolor=black];
"43_3" [label="3" style=filled fontcolor=white fillcolor=black];
"43_4" [label="4" style=filled fontcolor=white fillcolor=black];
"43_5" [label="5" style=filled fontcolor=white fillcolor=black];
"43_6" [label="6" style=filled fontcolor=white fillcolor=black];
"43_7" [label="7" style=filled fontcolor=white fillcolor=black];
"43_8" [label="8" style=filled fontcolor=white fillcolor=black];
"43_9" [label="9" style=filled fontcolor=white fillcolor=black];
"43_8" -- "43_9" [style=dashed];
"43_7" -- "43_8" [style=dashed];
"43_6" -- "43_7" [style=dashed];
"43_5" -- "43_6" [style=dashed];
"43_4" -- "43_5" [style=dashed];
"43_3" -- "43_4" [style=dashed];
"43_2" -- "43_3" [style=dashed];
"43_1" -- "43_2" [style=dashed];
"43_0" -- "43_1" [style=dashed];
}
subgraph cluster_44 {
"44_0" [label="0" style=filled fontcolor=white fillcolor=black];
"44_1" [label="1" style=filled fontcolor=white fillcolor=black];
"44_2" [label="2" style=filled fontcolor=white fillcolor=black];
"44_3" [label="3" style=filled fontcolor=white fillcolor=black];
"44_4" [label="4" style=filled fontcolor=white fillcolor=black];
"44_5" [label="5" style=filled fontcolor=white fillcolor=black];
"44_6" [label="6" style=filled fontcolor=white fillcolor=black];
"44_7" [label="7" style=filled fontcolor=white fillcolor=black];
"44_8" [label="8" style=filled fontcolor=white fillcolor=black];
"44_9" [label="9" style=filled fontcolor=white fillcolor=black];
"44_8" -- "44_9" [style=dashed];
"44_7" -- "44_8" [style=dashed];
"44_6" -- "44_7" [style=dashed];
"44_5" -- "44_6" [style=dashed];
"44_4" -- "44_5" [style=dashed];
"44_3" -- "44_4" [style=dashed];
"44_2" -- "44_3" [style=dashed];
"44_1" -- "44_2" [style=dashed];
"44_0" -- "44_1" [style=dashed];
}
subgraph cluster_45 {
"45_0" [label="0" style=filled fontcolor=white fillcolor=black];
"45_1" [label="1" style=filled fontcolor=white fillcolor=black];
"45_2" [label="2" style=filled fontcolor=white fillcolor=black];
"45_3" [label="3" style=filled fontcolor=white fillcolor=black];
"45_4" [label="4" style=filled fontcolor=white fillcolor=black];
"45_5" [label="5" style=filled fontcolor=white fillcolor=black];
"45_6" [label="6" style=filled fontcolor=white fillcolor=black];
"45_7" [label="7" style=filled fontcolor=white fillcolor=black];
"45_8" [label="8" style=filled fontcolor=white fillcolor=black];
"45_9" [label="9" style=filled fontcolor=white fillcolor=black];
"45_8" -- "45_9" [style=dashed];
"45_7" -- "45_8" [style=dashed];
"45_6" -- "45_7" [style=dashed];
"45_5" -- "45_6" [style=dashed];
"45_4" -- "45_5" [style=dashed];
"45_3" -- "45_4" [style=dashed];
"45_2" -- "45_3" [style=dashed];
"45_1" -- "45_2" [style=dashed];
"45_0" -- "45_1" [style=dashed];
}
subgraph cluster_46 {
"46_0" [label="0" style=filled fontcolor=white fillcolor=black];
"46_1" [label="1" style=filled fontcolor=white fillcolor=black];
"46_2" [label="2" style=filled fontcolor=white fillcolor=black];
"46_3" [label="3" style=filled fontcolor=white fillcolor=black];
"46_4" [label="4" style=filled fontcolor=white fillcolor=black];
"46_5" [label="5" style=filled fontcolor=white fillcolor=black];
"46_6" [label="6" style=filled fontcolor=white fillcolor=black];
"46_7" [label="7" style=filled fontcolor=white fillcolor=black];
"46_8" [label="8" style=filled fontcolor=white fillcolor=black];
"46_9" [label="9" style=filled fontcolor=white fillcolor=black];
"46_8" -- "46_9" [style=dashed];
"46_7" -- "46_8" [style=dashed];
"46_6" -- "46_7" [style=dashed];
"46_5" -- "46_6" [style=dashed];
"46_4" -- "46_5" [style=dashed];
"46_3" -- "46_4" [style=dashed];
"46_2" -- "46_3" [style=dashed];
"46_1" -- "46_2" [style=dashed];
"46_0" -- "46_1" [style=dashed];
}
subgraph cluster_47 {
"47_0" [label="0" style=filled fontcolor=white fillcolor=black];
"47_1" [label="1" style=filled fontcolor=white fillcolor=black];
"47_2" [label="2" style=filled fontcolor=white fillcolor=black];
"47_3" [label="3" style=filled fontcolor=white fillcolor=black];
"47_4" [label="4" style=filled fontcolor=white fillcolor=black];
"47_5" [label="5" style=filled fontcolor=white fillcolor=black];
"47_6" [label="6" style=filled fontcolor=white fillcolor=black];
"47_7" [label="7" style=filled fontcolor=white fillcolor=black];
"47_8" [label="8" style=filled fontcolor=white fillcolor=black];
"47_9" [label="9" style=filled fontcolor=white fillcolor=black];
"47_8" -- "47_9" [style=dashed];
"47_7" -- "47_8" [style=dashed];
"47_6" -- "47_7" [style=dashed];
"47_5" -- "47_6" [style=dashed];
"47_4" -- "47_5" [style=dashed];
"47_3" -- "47_4" [style=dashed];
"47_2" -- "47_3" [style=dashed];
"47_1" -- "47_2" [style=dashed];
"47_0" -- "47_1" [style=dashed];
}
subgraph cluster_48 {
"48_0" [label="0" style=filled fontcolor=white fillcolor=black];
"48_1" [label="1" style=filled fontcolor=white fillcolor=black];
"48_2" [label="2" style=filled fontcolor=white fillcolor=black];
"48_3" [label="3" style=filled fontcolor=white fillcolor=black];
"48_4" [label="4" style=filled fontcolor=white fillcolor=black];
"48_5" [label="5" style=filled fontcolor=white fillcolor=black];
"48_6" [label="6" style=filled fontcolor=white fillcolor=black];
"48_7" [label="7" style=filled fontcolor=white fillcolor=black];
"48_8" [label="8" style=filled fontcolor=white fillcolor=black];
"48_9" [label="9" style=filled fontcolor=white fillcolor=black];
"48_8" -- "48_9" [style=dashed];
"48_7" -- "48_8" [style=dashed];
"48_6" -- "48_7" [style=dashed];
"48_5" -- "48_6" [style=dashed];
"48_4" -- "48_5" [style=dashed];
"48_3" -- "48_4" [style=dashed];
"48_2" -- "48_3" [style=dashed];
"48_1" -- "48_2" [style=dashed];
"48_0" -- "48_1" [style=dashed];
}
subgraph cluster_49 {
"49_0" [label="0" style=filled fontcolor=white fillcolor=black];
"49_1" [label="1" style=filled fontcolor=white fillcolor=black];
"49_2" [label="2" style=filled fontcolor=white fillcolor=black];
"49_3" [label="3" style=filled fontcolor=white fillcolor=black];
"49_4" [label="4" style=filled fontcolor=white fillcolor=black];
"49_5" [label="5" style=filled fontcolor=white fillcolor=black];
"49_6" [label="6" style=filled fontcolor=white fillcolor=black];
"49_7" [label="7" style=filled fontcolor=white fillcolor=black];
"49_8" [label="8" style=filled fontcolor=white fillcolor=black];
"49_9" [label="9" style=filled fontcolor=white fillcolor=black];
"49_8" -- "49_9" [style=dashed];
"49_7" -- "49_8" [style=dashed];
"49_6" -- "49_7" [style=dashed];
"49_5" -- "49_6" [style=dashed];
"49_4" -- "49_5" [style=dashed];
"49_3" -- "49_4" [style=dashed];
"49_2" -- "49_3" [style=dashed];
"49_1" -- "49_2" [style=dashed];
"49_0" -- "49_1" [style=dashed];
}
subgraph cluster_50 {
"50_0" [label="0" style=filled fontcolor=white fillcolor=black];
"50_1" [label="1" style=filled fontcolor=white fillcolor=black];
"50_2" [label="2" style=filled fontcolor=white fillcolor=black];
"50_3" [label="3" style=filled fontcolor=white fillcolor=black];
"50_4" [label="4" style=filled fontcolor=white fillcolor=black];
"50_5" [label="5" style=filled fontcolor=white fillcolor=black];
"50_6" [label="6" style=filled fontcolor=white fillcolor=black];
"50_7" [label="7" style=filled fontcolor=white fillcolor=black];
"50_8" [label="8" style=filled fontcolor=white fillcolor=black];
"50_9" [label="9" style=filled fontcolor=white fillcolor=black];
"50_8" -- "50_9" [style=dashed];
"50_7" -- "50_8" [style=dashed];
"50_6" -- "50_7" [style=dashed];
"50_5" -- "50_6" [style=dashed];
"50_4" -- "50_5" [style=dashed];
"50_3" -- "50_4" [style=dashed];
"50_2" -- "50_3" [style=dashed];
"50_1" -- "50_2" [style=dashed];
"50_0" -- "50_1" [style=dashed];
}
subgraph cluster_51 {
"51_0" [label="0" style=filled fontcolor=white fillcolor=black];
"51_1" [label="1" style=filled fontcolor=white fillcolor=black];
"51_2" [label="2" style=filled fontcolor=white fillcolor=black];
"51_3" [label="3" style=filled fontcolor=white fillcolor=black];
"51_4" [label="4" style=filled fontcolor=white fillcolor=black];
"51_5" [label="5" style=filled fontcolor=white fillcolor=black];
"51_6" [label="6" style=filled fontcolor=white fillcolor=black];
"51_7" [label="7" style=filled fontcolor=white fillcolor=black];
"51_8" [label="8" style=filled fontcolor=white fillcolor=black];
"51_9" [label="9" style=filled fontcolor=white fillcolor=black];
"51_8" -- "51_9" [style=dashed];
"51_7" -- "51_8" [style=dashed];
"51_6" -- "51_7" [style=dashed];
"51_5" -- "51_6" [style=dashed];
"51_4" -- "51_5" [style=dashed];
"51_3" -- "51_4" [style=dashed];
"51_2" -- "51_3" [style=dashed];
"51_1" -- "51_2" [style=dashed];
"51_0" -- "51_1" [style=dashed];
}
subgraph cluster_52 {
"52_0" [label="0" style=filled fontcolor=white fillcolor=black];
"52_1" [label="1" style=filled fontcolor=white fillcolor=black];
"52_2" [label="2" style=filled fontcolor=white fillcolor=black];
"52_3" [label="3" style=filled fontcolor=white fillcolor=black];
"52_4" [label="4" style=filled fontcolor=white fillcolor=black];
"52_5" [label="5" style=filled fontcolor=white fillcolor=black];
"52_6" [label="6" style=filled fontcolor=white fillcolor=black];
"52_7" [label="7" style=filled fontcolor=white fillcolor=black];
"52_8" [label="8" style=filled fontcolor=white fillcolor=black];
"52_9" [label="9" style=filled fontcolor=white fillcolor=black];
"52_8" -- "52_9" [style=dashed];
"52_7" -- "52_8" [style=dashed];
"52_6" -- "52_7" [style=dashed];
"52_5" -- "52_6" [style=dashed];
"52_4" -- "52_5" [style=dashed];
"52_3" -- "52_4" [style=dashed];
"52_2" -- "52_3" [style=dashed];
"52_1" -- "52_2" [style=dashed];
"52_0" -- "52_1" [style=dashed];
}
subgraph cluster_53 {
"53_0" [label="0" style=filled fontcolor=white fillcolor=black];
"53_1" [label="1" style=filled fontcolor=white fillcolor=black];
"53_2" [label="2" style=filled fontcolor=white fillcolor=black];
"53_3" [label="3" style=filled fontcolor=white fillcolor=black];
"53_4" [label="4" style=filled fontcolor=white fillcolor=black];
"53_5" [label="5" style=filled fontcolor=white fillcolor=black];
"53_6" [label="6" style=filled fontcolor=white fillcolor=black];
"53_7" [label="7" style=filled fontcolor=white fillcolor=black];
"53_8" [label="8" style=filled fontcolor=white fillcolor=black];
"53_9" [label="9" style=filled fontcolor=white fillcolor=black];
"53_8" -- "53_9" [style=dashed];
"53_7" -- "53_8" [style=dashed];
"53_6" -- "53_7" [style=dashed];
"53_5" -- "53_6" [style=dashed];
"53_4" -- "53_5" [style=dashed];
"53_3" -- "53_4" [style=dashed];
"53_2" -- "53_3" [style=dashed];
"53_1" -- "53_2" [style=dashed];
"53_0" -- "53_1" [style=dashed];
}
subgraph cluster_54 {
"54_0" [label="0" style=filled fontcolor=white fillcolor=black];
"54_1" [label="1" style=filled fontcolor=white fillcolor=black];
"54_2" [label="2" style=filled fontcolor=white fillcolor=black];
"54_3" [label="3" style=filled fontcolor=white fillcolor=black];
"54_4" [label="4" style=filled fontcolor=white fillcolor=black];
"54_5" [label="5" style=filled fontcolor=white fillcolor=black];
"54_6" [label="6" style=filled fontcolor=white fillcolor=black];
"54_7" [label="7" style=filled fontcolor=white fillcolor=black];
"54_8" [label="8" style=filled fontcolor=white fillcolor=black];
"54_9" [label="9" style=filled fontcolor=white fillcolor=black];
"54_8" -- "54_9" [style=dashed];
"54_7" -- "54_8" [style=dashed];
"54_6" -- "54_7" [style=dashed];
"54_5" -- "54_6" [style=dashed];
"54_4" -- "54_5" [style=dashed];
"54_3" -- "54_4" [style=dashed];
"54_2" -- "54_3" [style=dashed];
"54_1" -- "54_2" [style=dashed];
"54_0" -- "54_1" [style=dashed];
}
subgraph cluster_55 {
"55_0" [label="0" style=filled fontcolor=white fillcolor=black];
"55_1" [label="1" style=filled fontcolor=white fillcolor=black];
"55_2" [label="2" style=filled fontcolor=white fillcolor=black];
"55_3" [label="3" style=filled fontcolor=white fillcolor=black];
"55_4" [label="4" style=filled fontcolor=white fillcolor=black];
"55_5" [label="5" style=filled fontcolor=white fillcolor=black];
"55_6" [label="6" style=filled fontcolor=white fillcolor=black];
"55_7" [label="7" style=filled fontcolor=white fillcolor=black];
"55_8" [label="8" style=filled fontcolor=white fillcolor=black];
"55_9" [label="9" style=filled fontcolor=white fillcolor=black];
"55_8" -- "55_9" [style=dashed];
"55_7" -- "55_8" [style=dashed];
"55_6" -- "55_7" [style=dashed];
"55_5" -- "55_6" [style=dashed];
"55_4" -- "55_5" [style=dashed];
"55_3" -- "55_4" [style=dashed];
"55_2" -- "55_3" [style=dashed];
"55_1" -- "55_2" [style=dashed];
"55_0" -- "55_1" [style=dashed];
}
subgraph cluster_56 {
"56_0" [label="0" style=filled fontcolor=white fillcolor=black];
"56_1" [label="1" style=filled fontcolor=white fillcolor=black];
"56_2" [label="2" style=filled fontcolor=white fillcolor=black];
"56_3" [label="3" style=filled fontcolor=white fillcolor=black];
"56_4" [label="4" style=filled fontcolor=white fillcolor=black];
"56_5" [label="5" style=filled fontcolor=white fillcolor=black];
"56_6" [label="6" style=filled fontcolor=white fillcolor=black];
"56_7" [label="7" style=filled fontcolor=white fillcolor=black];
"56_8" [label="8" style=filled fontcolor=white fillcolor=black];
"56_9" [label="9" style=filled fontcolor=white fillcolor=black];
"56_8" -- "56_9" [style=dashed];
"56_7" -- "56_8" [style=dashed];
"56_6" -- "56_7" [style=dashed];
"56_5" -- "56_6" [style=dashed];
"56_4" -- "56_5" [style=dashed];
"56_3" -- "56_4" [style=dashed];
"56_2" -- "56_3" [style=dashed];
"56_1" -- "56_2" [style=dashed];
"56_0" -- "56_1" [style=dashed];
}
subgraph cluster_57 {
"57_0" [label="0" style=filled fontcolor=white fillcolor=black];
"57_1" [label="1" style=filled fontcolor=white fillcolor=black];
"57_2" [label="2" style=filled fontcolor=white fillcolor=black];
"57_3" [label="3" style=filled fontcolor=white fillcolor=black];
"57_4" [label="4" style=filled fontcolor=white fillcolor=black];
"57_5" [label="5" style=filled fontcolor=white fillcolor=black];
"57_6" [label="6" style=filled fontcolor=white fillcolor=black];
"57_7" [label="7" style=filled fontcolor=white fillcolor=black];
"57_8" [label="8" style=filled fontcolor=white fillcolor=black];
"57_9" [label="9" style=filled fontcolor=white fillcolor=black];
"57_8" -- "57_9" [style=dashed];
"57_7" -- "57_8" [style=dashed];
"57_6" -- "57_7" [style=dashed];
"57_5" -- "57_6" [style=dashed];
"57_4" -- "57_5" [style=dashed];
"57_3" -- "57_4" [style=dashed];
"57_2" -- "57_3" [style=dashed];
"57_1" -- "57_2" [style=dashed];
"57_0" -- "57_1" [style=dashed];
}
subgraph cluster_58 {
"58_0" [label="0" style=filled fontcolor=white fillcolor=black];
"58_1" [label="1" style=filled fontcolor=white fillcolor=black];
"58_2" [label="2" style=filled fontcolor=white fillcolor=black];
"58_3" [label="3" style=filled fontcolor=white fillcolor=black];
"58_4" [label="4" style=filled fontcolor=white fillcolor=black];
"58_5" [label="5" style=filled fontcolor=white fillcolor=black];
"58_6" [label="6" style=filled fontcolor=white fillcolor=black];
"58_7" [label="7" style=filled fontcolor=white fillcolor=black];
"58_8" [label="8" style=filled fontcolor=white fillcolor=black];
"58_9" [label="9" style=filled fontcolor=white fillcolor=black];
"58_8" -- "58_9" [style=dashed];
"58_7" -- "58_8" [style=dashed];
"58_6" -- "58_7" [style=dashed];
"58_5" -- "58_6" [style=dashed];
"58_4" -- "58_5" [style=dashed];
"58_3" -- "58_4" [style=dashed];
"58_2" -- "58_3" [style=dashed];
"58_1" -- "58_2" [style=dashed];
"58_0" -- "58_1" [style=dashed];
}
subgraph cluster_59 {
"59_0" [label="0" style=filled fontcolor=white fillcolor=black];
"59_1" [label="1" style=filled fontcolor=white fillcolor=black];
"59_2" [label="2" style=filled fontcolor=white fillcolor=black];
"59_3" [label="3" style=filled fontcolor=white fillcolor=black];
"59_4" [label="4" style=filled fontcolor=white fillcolor=black];
"59_5" [label="5" style=filled fontcolor=white fillcolor=black];
"59_6" [label="6" style=filled fontcolor=white fillcolor=black];
"59_7" [label="7" style=filled fontcolor=white fillcolor=black];
"59_8" [label="8" style=filled fontcolor=white fillcolor=black];
"59_9" [label="9" style=filled fontcolor=white fillcolor=black];
"59_8" -- "59_9" [style=dashed];
"59_7" -- "59_8" [style=dashed];
"59_6" -- "59_7" [style=dashed];
"59_5" -- "59_6" [style=dashed];
"59_4" -- "59_5" [style=dashed];
"59_3" -- "59_4" [style=dashed];
"59_2" -- "59_3" [style=dashed];
"59_1" -- "59_2" [style=dashed];
"59_0" -- "59_1" [style=dashed];
}
subgraph cluster_60 {
"60_0" [label="0" style=filled fontcolor=white fillcolor=black];
"60_1" [label="1" style=filled fontcolor=white fillcolor=black];
"60_2" [label="2" style=filled fontcolor=white fillcolor=black];
"60_3" [label="3" style=filled fontcolor=white fillcolor=black];
"60_4" [label="4" style=filled fontcolor=white fillcolor=black];
"60_5" [label="5" style=filled fontcolor=white fillcolor=black];
"60_6" [label="6" style=filled fontcolor=white fillcolor=black];
"60_7" [label="7" style=filled fontcolor=white fillcolor=black];
"60_8" [label="8" style=filled fontcolor=white fillcolor=black];
"60_9" [label="9" style=filled fontcolor=white fillcolor=black];
"60_8" -- "60_9" [style=dashed];
"60_7" -- "60_8" [style=dashed];
"60_6" -- "60_7" [style=dashed];
"60_5" -- "60_6" [style=dashed];
"60_4" -- "60_5" [style=dashed];
"60_3" -- "60_4" [style=dashed];
"60_2" -- "60_3" [style=dashed];
"60_1" -- "60_2" [style=dashed];
"60_0" -- "60_1" [style=dashed];
}
subgraph cluster_61 {
"61_0" [label="0" style=filled fontcolor=white fillcolor=black];
"61_1" [label="1" style=filled fontcolor=white fillcolor=black];
"61_2" [label="2" style=filled fontcolor=white fillcolor=black];
"61_3" [label="3" style=filled fontcolor=white fillcolor=black];
"61_4" [label="4" style=filled fontcolor=white fillcolor=black];
"61_5" [label="5" style=filled fontcolor=white fillcolor=black];
"61_6" [label="6" style=filled fontcolor=white fillcolor=black];
"61_7" [label="7" style=filled fontcolor=white fillcolor=black];
"61_8" [label="8" style=filled fontcolor=white fillcolor=black];
"61_9" [label="9" style=filled fontcolor=white fillcolor=black];
"61_8" -- "61_9" [style=dashed];
"61_7" -- "61_8" [style=dashed];
"61_6" -- "61_7" [style=dashed];
"61_5" -- "61_6" [style=dashed];
"61_4" -- "61_5" [style=dashed];
"61_3" -- "61_4" [style=dashed];
"61_2" -- "61_3" [style=dashed];
"61_1" -- "61_2" [style=dashed];
"61_0" -- "61_1" [style=dashed];
}
subgraph cluster_62 {
"62_0" [label="0" style=filled fontcolor=white fillcolor=black];
"62_1" [label="1" style=filled fontcolor=white fillcolor=black];
"62_2" [label="2" style=filled fontcolor=white fillcolor=black];
"62_3" [label="3" style=filled fontcolor=white fillcolor=black];
"62_4" [label="4" style=filled fontcolor=white fillcolor=black];
"62_5" [label="5" style=filled fontcolor=white fillcolor=black];
"62_6" [label="6" style=filled fontcolor=white fillcolor=black];
"62_7" [label="7" style=filled fontcolor=white fillcolor=black];
"62_8" [label="8" style=filled fontcolor=white fillcolor=black];
"62_9" [label="9" style=filled fontcolor=white fillcolor=black];
"62_8" -- "62_9" [style=dashed];
"62_7" -- "62_8" [style=dashed];
"62_6" -- "62_7" [style=dashed];
"62_5" -- "62_6" [style=dashed];
"62_4" -- "62_5" [style=dashed];
"62_3" -- "62_4" [style=dashed];
"62_2" -- "62_3" [style=dashed];
"62_1" -- "62_2" [style=dashed];
"62_0" -- "62_1" [style=dashed];
}
subgraph cluster_63 {
"63_0" [label="0" style=filled fontcolor=white fillcolor=black];
"63_1" [label="1" style=filled fontcolor=white fillcolor=black];
"63_2" [label="2" style=filled fontcolor=white fillcolor=black];
"63_3" [label="3" style=filled fontcolor=white fillcolor=black];
"63_4" [label="4" style=filled fontcolor=white fillcolor=black];
"63_5" [label="5" style=filled fontcolor=white fillcolor=black];
"63_6" [label="6" style=filled fontcolor=white fillcolor=black];
"63_7" [label="7" style=filled fontcolor=white fillcolor=black];
"63_8" [label="8" style=filled fontcolor=white fillcolor=black];
"63_9" [label="9" style=filled fontcolor=white fillcolor=black];
"63_8" -- "63_9" [style=dashed];
"63_7" -- "63_8" [style=dashed];
"63_6" -- "63_7" [style=dashed];
"63_5" -- "63_6" [style=dashed];
"63_4" -- "63_5" [style=dashed];
"63_3" -- "63_4" [style=dashed];
"63_2" -- "63_3" [style=dashed];
"63_1" -- "63_2" [style=dashed];
"63_0" -- "63_1" [style=dashed];
}
subgraph cluster_64 {
"64_0" [label="0" style=filled fontcolor=white fillcolor=black];
"64_1" [label="1" style=filled fontcolor=white fillcolor=black];
"64_2" [label="2" style=filled fontcolor=white fillcolor=black];
"64_3" [label="3" style=filled fontcolor=white fillcolor=black];
"64_4" [label="4" style=filled fontcolor=white fillcolor=black];
"64_5" [label="5" style=filled fontcolor=white fillcolor=black];
"64_6" [label="6" style=filled fontcolor=white fillcolor=black];
"64_7" [label="7" style=filled fontcolor=white fillcolor=black];
"64_8" [label="8" style=filled fontcolor=white fillcolor=black];
"64_9" [label="9" style=filled fontcolor=white fillcolor=black];
"64_8" -- "64_9" [style=dashed];
"64_7" -- "64_8" [style=dashed];
"64_6" -- "64_7" [style=dashed];
"64_5" -- "64_6" [style=dashed];
"64_4" -- "64_5" [style=dashed];
"64_3" -- "64_4" [style=dashed];
"64_2" -- "64_3" [style=dashed];
"64_1" -- "64_2" [style=dashed];
"64_0" -- "64_1" [style=dashed];
}
subgraph cluster_65 {
"65_0" [label="0" style=filled fontcolor=white fillcolor=black];
"65_1" [label="1" style=filled fontcolor=white fillcolor=black];
"65_2" [label="2" style=filled fontcolor=white fillcolor=black];
"65_3" [label="3" style=filled fontcolor=white fillcolor=black];
"65_4" [label="4" style=filled fontcolor=white fillcolor=black];
"65_5" [label="5" style=filled fontcolor=white fillcolor=black];
"65_6" [label="6" style=filled fontcolor=white fillcolor=black];
"65_7" [label="7" style=filled fontcolor=white fillcolor=black];
"65_8" [label="8" style=filled fontcolor=white fillcolor=black];
"65_9" [label="9" style=filled fontcolor=white fillcolor=black];
"65_8" -- "65_9" [style=dashed];
"65_7" -- "65_8" [style=dashed];
"65_6" -- "65_7" [style=dashed];
"65_5" -- "65_6" [style=dashed];
"65_4" -- "65_5" [style=dashed];
"65_3" -- "65_4" [style=dashed];
"65_2" -- "65_3" [style=dashed];
"65_1" -- "65_2" [style=dashed];
"65_0" -- "65_1" [style=dashed];
}
subgraph cluster_66 {
"66_0" [label="0" style=filled fontcolor=white fillcolor=black];
"66_1" [label="1" style=filled fontcolor=white fillcolor=black];
"66_2" [label="2" style=filled fontcolor=white fillcolor=black];
"66_3" [label="3" style=filled fontcolor=white fillcolor=black];
"66_4" [label="4" style=filled fontcolor=white fillcolor=black];
"66_5" [label="5" style=filled fontcolor=white fillcolor=black];
"66_6" [label="6" style=filled fontcolor=white fillcolor=black];
"66_7" [label="7" style=filled fontcolor=white fillcolor=black];
"66_8" [label="8" style=filled fontcolor=white fillcolor=black];
"66_9" [label="9" style=filled fontcolor=white fillcolor=black];
"66_8" -- "66_9" [style=dashed];
"66_7" -- "66_8" [style=dashed];
"66_6" -- "66_7" [style=dashed];
"66_5" -- "66_6" [style=dashed];
"66_4" -- "66_5" [style=dashed];
"66_3" -- "66_4" [style=dashed];
"66_2" -- "66_3" [style=dashed];
"66_1" -- "66_2" [style=dashed];
"66_0" -- "66_1" [style=dashed];
}
subgraph cluster_67 {
"67_0" [label="0" style=filled fontcolor=white fillcolor=black];
"67_1" [label="1" style=filled fontcolor=white fillcolor=black];
"67_2" [label="2" style=filled fontcolor=white fillcolor=black];
"67_3" [label="3" style=filled fontcolor=white fillcolor=black];
"67_4" [label="4" style=filled fontcolor=white fillcolor=black];
"67_5" [label="5" style=filled fontcolor=white fillcolor=black];
"67_6" [label="6" style=filled fontcolor=white fillcolor=black];
"67_7" [label="7" style=filled fontcolor=white fillcolor=black];
"67_8" [label="8" style=filled fontcolor=white fillcolor=black];
"67_9" [label="9" style=filled fontcolor=white fillcolor=black];
"67_8" -- "67_9" [style=dashed];
"67_7" -- "67_8" [style=dashed];
"67_6" -- "67_7" [style=dashed];
"67_5" -- "67_6" [style=dashed];
"67_4" -- "67_5" [style=dashed];
"67_3" -- "67_4" [style=dashed];
"67_2" -- "67_3" [style=dashed];
"67_1" -- "67_2" [style=dashed];
"67_0" -- "67_1" [style=dashed];
}
subgraph cluster_68 {
"68_0" [label="0" style=filled fontcolor=white fillcolor=black];
"68_1" [label="1" style=filled fontcolor=white fillcolor=black];
"68_2" [label="2" style=filled fontcolor=white fillcolor=black];
"68_3" [label="3" style=filled fontcolor=white fillcolor=black];
"68_4" [label="4" style=filled fontcolor=white fillcolor=black];
"68_5" [label="5" style=filled fontcolor=white fillcolor=black];
"68_6" [label="6" style=filled fontcolor=white fillcolor=black];
"68_7" [label="7" style=filled fontcolor=white fillcolor=black];
"68_8" [label="8" style=filled fontcolor=white fillcolor=black];
"68_9" [label="9" style=filled fontcolor=white fillcolor=black];
"68_8" -- "68_9" [style=dashed];
"68_7" -- "68_8" [style=dashed];
"68_6" -- "68_7" [style=dashed];
"68_5" -- "68_6" [style=dashed];
"68_4" -- "68_5" [style=dashed];
"68_3" -- "68_4" [style=dashed];
"68_2" -- "68_3" [style=dashed];
"68_1" -- "68_2" [style=dashed];
"68_0" -- "68_1" [style=dashed];
}
subgraph cluster_69 {
"69_0" [label="0" style=filled fontcolor=white fillcolor=black];
"69_1" [label="1" style=filled fontcolor=white fillcolor=black];
"69_2" [label="2" style=filled fontcolor=white fillcolor=black];
"69_3" [label="3" style=filled fontcolor=white fillcolor=black];
"69_4" [label="4" style=filled fontcolor=white fillcolor=black];
"69_5" [label="5" style=filled fontcolor=white fillcolor=black];
"69_6" [label="6" style=filled fontcolor=white fillcolor=black];
"69_7" [label="7" style=filled fontcolor=white fillcolor=black];
"69_8" [label="8" style=filled fontcolor=white fillcolor=black];
"69_9" [label="9" style=filled fontcolor=white fillcolor=black];
"69_8" -- "69_9" [style=dashed];
"69_7" -- "69_8" [style=dashed];
"69_6" -- "69_7" [style=dashed];
"69_5" -- "69_6" [style=dashed];
"69_4" -- "69_5" [style=dashed];
"69_3" -- "69_4" [style=dashed];
"69_2" -- "69_3" [style=dashed];
"69_1" -- "69_2" [style=dashed];
"69_0" -- "69_1" [style=dashed];
}
subgraph cluster_70 {
"70_0" [label="0" style=filled fontcolor=white fillcolor=black];
"70_1" [label="1" style=filled fontcolor=white fillcolor=black];
"70_2" [label="2" style=filled fontcolor=white fillcolor=black];
"70_3" [label="3" style=filled fontcolor=white fillcolor=black];
"70_4" [label="4" style=filled fontcolor=white fillcolor=black];
"70_5" [label="5" style=filled fontcolor=white fillcolor=black];
"70_6" [label="6" style=filled fontcolor=white fillcolor=black];
"70_7" [label="7" style=filled fontcolor=white fillcolor=black];
"70_8" [label="8" style=filled fontcolor=white fillcolor=black];
"70_9" [label="9" style=filled fontcolor=white fillcolor=black];
"70_8" -- "70_9" [style=dashed];
"70_7" -- "70_8" [style=dashed];
"70_6" -- "70_7" [style=dashed];
"70_5" -- "70_6" [style=dashed];
"70_4" -- "70_5" [style=dashed];
"70_3" -- "70_4" [style=dashed];
"70_2" -- "70_3" [style=dashed];
"70_1" -- "70_2" [style=dashed];
"70_0" -- "70_1" [style=dashed];
}
subgraph cluster_71 {
"71_0" [label="0" style=filled fontcolor=white fillcolor=black];
"71_1" [label="1" style=filled fontcolor=white fillcolor=black];
"71_2" [label="2" style=filled fontcolor=white fillcolor=black];
"71_3" [label="3" style=filled fontcolor=white fillcolor=black];
"71_4" [label="4" style=filled fontcolor=white fillcolor=black];
"71_5" [label="5" style=filled fontcolor=white fillcolor=black];
"71_6" [label="6" style=filled fontcolor=white fillcolor=black];
"71_7" [label="7" style=filled fontcolor=white fillcolor=black];
"71_8" [label="8" style=filled fontcolor=white fillcolor=black];
"71_9" [label="9" style=filled fontcolor=white fillcolor=black];
"71_8" -- "71_9" [style=dashed];
"71_7" -- "71_8" [style=dashed];
"71_6" -- "71_7" [style=dashed];
"71_5" -- "71_6" [style=dashed];
"71_4" -- "71_5" [style=dashed];
"71_3" -- "71_4" [style=dashed];
"71_2" -- "71_3" [style=dashed];
"71_1" -- "71_2" [style=dashed];
"71_0" -- "71_1" [style=dashed];
}
subgraph cluster_72 {
"72_0" [label="0" style=filled fontcolor=white fillcolor=black];
"72_1" [label="1" style=filled fontcolor=white fillcolor=black];
"72_2" [label="2" style=filled fontcolor=white fillcolor=black];
"72_3" [label="3" style=filled fontcolor=white fillcolor=black];
"72_4" [label="4" style=filled fontcolor=white fillcolor=black];
"72_5" [label="5" style=filled fontcolor=white fillcolor=black];
"72_6" [label="6" style=filled fontcolor=white fillcolor=black];
"72_7" [label="7" style=filled fontcolor=white fillcolor=black];
"72_8" [label="8" style=filled fontcolor=white fillcolor=black];
"72_9" [label="9" style=filled fontcolor=white fillcolor=black];
"72_8" -- "72_9" [style=dashed];
"72_7" -- "72_8" [style=dashed];
"72_6" -- "72_7" [style=dashed];
"72_5" -- "72_6" [style=dashed];
"72_4" -- "72_5" [style=dashed];
"72_3" -- "72_4" [style=dashed];
"72_2" -- "72_3" [style=dashed];
"72_1" -- "72_2" [style=dashed];
"72_0" -- "72_1" [style=dashed];
}
subgraph cluster_73 {
"73_0" [label="0" style=filled fontcolor=white fillcolor=black];
"73_1" [label="1" style=filled fontcolor=white fillcolor=black];
"73_2" [label="2" style=filled fontcolor=white fillcolor=black];
"73_3" [label="3" style=filled fontcolor=white fillcolor=black];
"73_4" [label="4" style=filled fontcolor=white fillcolor=black];
"73_5" [label="5" style=filled fontcolor=white fillcolor=black];
"73_6" [label="6" style=filled fontcolor=white fillcolor=black];
"73_7" [label="7" style=filled fontcolor=white fillcolor=black];
"73_8" [label="8" style=filled fontcolor=white fillcolor=black];
"73_9" [label="9" style=filled fontcolor=white fillcolor=black];
"73_8" -- "73_9" [style=dashed];
"73_7" -- "73_8" [style=dashed];
"73_6" -- "73_7" [style=dashed];
"73_5" -- "73_6" [style=dashed];
"73_4" -- "73_5" [style=dashed];
"73_3" -- "73_4" [style=dashed];
"73_2" -- "73_3" [style=dashed];
"73_1" -- "73_2" [style=dashed];
"73_0" -- "73_1" [style=dashed];
}
subgraph cluster_74 {
"74_0" [label="0" style=filled fontcolor=white fillcolor=black];
"74_1" [label="1" style=filled fontcolor=white fillcolor=black];
"74_2" [label="2" style=filled fontcolor=white fillcolor=black];
"74_3" [label="3" style=filled fontcolor=white fillcolor=black];
"74_4" [label="4" style=filled fontcolor=white fillcolor=black];
"74_5" [label="5" style=filled fontcolor=white fillcolor=black];
"74_6" [label="6" style=filled fontcolor=white fillcolor=black];
"74_7" [label="7" style=filled fontcolor=white fillcolor=black];
"74_8" [label="8" style=filled fontcolor=white fillcolor=black];
"74_9" [label="9" style=filled fontcolor=white fillcolor=black];
"74_8" -- "74_9" [style=dashed];
"74_7" -- "74_8" [style=dashed];
"74_6" -- "74_7" [style=dashed];
"74_5" -- "74_6" [style=dashed];
"74_4" -- "74_5" [style=dashed];
"74_3" -- "74_4" [style=dashed];
"74_2" -- "74_3" [style=dashed];
"74_1" -- "74_2" [style=dashed];
"74_0" -- "74_1" [style=dashed];
}
subgraph cluster_75 {
"75_0" [label="0" style=filled fontcolor=white fillcolor=black];
"75_1" [label="1" style=filled fontcolor=white fillcolor=black];
"75_2" [label="2" style=filled fontcolor=white fillcolor=black];
"75_3" [label="3" style=filled fontcolor=white fillcolor=black];
"75_4" [label="4" style=filled fontcolor=white fillcolor=black];
"75_5" [label="5" style=filled fontcolor=white fillcolor=black];
"75_6" [label="6" style=filled fontcolor=white fillcolor=black];
"75_7" [label="7" style=filled fontcolor=white fillcolor=black];
"75_8" [label="8" style=filled fontcolor=white fillcolor=black];
"75_9" [label="9" style=filled fontcolor=white fillcolor=black];
"75_8" -- "75_9" [style=dashed];
"75_7" -- "75_8" [style=dashed];
"75_6" -- "75_7" [style=dashed];
"75_5" -- "75_6" [style=dashed];
"75_4" -- "75_5" [style=dashed];
"75_3" -- "75_4" [style=dashed];
"75_2" -- "75_3" [style=dashed];
"75_1" -- "75_2" [style=dashed];
"75_0" -- "75_1" [style=dashed];
}
subgraph cluster_76 {
"76_0" [label="0" style=filled fontcolor=white fillcolor=black];
"76_1" [label="1" style=filled fontcolor=white fillcolor=black];
"76_2" [label="2" style=filled fontcolor=white fillcolor=black];
"76_3" [label="3" style=filled fontcolor=white fillcolor=black];
"76_4" [label="4" style=filled fontcolor=white fillcolor=black];
"76_5" [label="5" style=filled fontcolor=white fillcolor=black];
"76_6" [label="6" style=filled fontcolor=white fillcolor=black];
"76_7" [label="7" style=filled fontcolor=white fillcolor=black];
"76_8" [label="8" style=filled fontcolor=white fillcolor=black];
"76_9" [label="9" style=filled fontcolor=white fillcolor=black];
"76_8" -- "76_9" [style=dashed];
"76_7" -- "76_8" [style=dashed];
"76_6" -- "76_7" [style=dashed];
"76_5" -- "76_6" [style=dashed];
"76_4" -- "76_5" [style=dashed];
"76_3" -- "76_4" [style=dashed];
"76_2" -- "76_3" [style=dashed];
"76_1" -- "76_2" [style=dashed];
"76_0" -- "76_1" [style=dashed];
}
subgraph cluster_77 {
"77_0" [label="0" style=filled fontcolor=white fillcolor=black];
"77_1" [label="1" style=filled fontcolor=white fillcolor=black];
"77_2" [label="2" style=filled fontcolor=white fillcolor=black];
"77_3" [label="3" style=filled fontcolor=white fillcolor=black];
"77_4" [label="4" style=filled fontcolor=white fillcolor=black];
"77_5" [label="5" style=filled fontcolor=white fillcolor=black];
"77_6" [label="6" style=filled fontcolor=white fillcolor=black];
"77_7" [label="7" style=filled fontcolor=white fillcolor=black];
"77_8" [label="8" style=filled fontcolor=white fillcolor=black];
"77_9" [label="9" style=filled fontcolor=white fillcolor=black];
"77_8" -- "77_9" [style=dashed];
"77_7" -- "77_8" [style=dashed];
"77_6" -- "77_7" [style=dashed];
"77_5" -- "77_6" [style=dashed];
"77_4" -- "77_5" [style=dashed];
"77_3" -- "77_4" [style=dashed];
"77_2" -- "77_3" [style=dashed];
"77_1" -- "77_2" [style=dashed];
"77_0" -- "77_1" [style=dashed];
}
subgraph cluster_78 {
"78_0" [label="0" style=filled fontcolor=white fillcolor=black];
"78_1" [label="1" style=filled fontcolor=white fillcolor=black];
"78_2" [label="2" style=filled fontcolor=white fillcolor=black];
"78_3" [label="3" style=filled fontcolor=white fillcolor=black];
"78_4" [label="4" style=filled fontcolor=white fillcolor=black];
"78_5" [label="5" style=filled fontcolor=white fillcolor=black];
"78_6" [label="6" style=filled fontcolor=white fillcolor=black];
"78_7" [label="7" style=filled fontcolor=white fillcolor=black];
"78_8" [label="8" style=filled fontcolor=white fillcolor=black];
"78_9" [label="9" style=filled fontcolor=white fillcolor=black];
"78_8" -- "78_9" [style=dashed];
"78_7" -- "78_8" [style=dashed];
"78_6" -- "78_7" [style=dashed];
"78_5" -- "78_6" [style=dashed];
"78_4" -- "78_5" [style=dashed];
"78_3" -- "78_4" [style=dashed];
"78_2" -- "78_3" [style=dashed];
"78_1" -- "78_2" [style=dashed];
"78_0" -- "78_1" [style=dashed];
}
subgraph cluster_79 {
"79_0" [label="0" style=filled fontcolor=white fillcolor=black];
"79_1" [label="1" style=filled fontcolor=white fillcolor=black];
"79_2" [label="2" style=filled fontcolor=white fillcolor=black];
"79_3" [label="3" style=filled fontcolor=white fillcolor=black];
"79_4" [label="4" style=filled fontcolor=white fillcolor=black];
"79_5" [label="5" style=filled fontcolor=white fillcolor=black];
"79_6" [label="6" style=filled fontcolor=white fillcolor=black];
"79_7" [label="7" style=filled fontcolor=white fillcolor=black];
"79_8" [label="8" style=filled fontcolor=white fillcolor=black];
"79_9" [label="9" style=filled fontcolor=white fillcolor=black];
"79_8" -- "79_9" [style=dashed];
"79_7" -- "79_8" [style=dashed];
"79_6" -- "79_7" [style=dashed];
"79_5" -- "79_6" [style=dashed];
"79_4" -- "79_5" [style=dashed];
"79_3" -- "79_4" [style=dashed];
"79_2" -- "79_3" [style=dashed];
"79_1" -- "79_2" [style=dashed];
"79_0" -- "79_1" [style=dashed];
}
subgraph cluster_80 {
"80_0" [label="0" style=filled fontcolor=white fillcolor=black];
"80_1" [label="1" style=filled fontcolor=white fillcolor=black];
"80_2" [label="2" style=filled fontcolor=white fillcolor=black];
"80_3" [label="3" style=filled fontcolor=white fillcolor=black];
"80_4" [label="4" style=filled fontcolor=white fillcolor=black];
"80_5" [label="5" style=filled fontcolor=white fillcolor=black];
"80_6" [label="6" style=filled fontcolor=white fillcolor=black];
"80_7" [label="7" style=filled fontcolor=white fillcolor=black];
"80_8" [label="8" style=filled fontcolor=white fillcolor=black];
"80_9" [label="9" style=filled fontcolor=white fillcolor=black];
"80_8" -- "80_9" [style=dashed];
"80_7" -- "80_8" [style=dashed];
"80_6" -- "80_7" [style=dashed];
"80_5" -- "80_6" [style=dashed];
"80_4" -- "80_5" [style=dashed];
"80_3" -- "80_4" [style=dashed];
"80_2" -- "80_3" [style=dashed];
"80_1" -- "80_2" [style=dashed];
"80_0" -- "80_1" [style=dashed];
}
subgraph cluster_81 {
"81_0" [label="0" style=filled fontcolor=white fillcolor=black];
"81_1" [label="1" style=filled fontcolor=white fillcolor=black];
"81_2" [label="2" style=filled fontcolor=white fillcolor=black];
"81_3" [label="3" style=filled fontcolor=white fillcolor=black];
"81_4" [label="4" style=filled fontcolor=white fillcolor=black];
"81_5" [label="5" style=filled fontcolor=white fillcolor=black];
"81_6" [label="6" style=filled fontcolor=white fillcolor=black];
"81_7" [label="7" style=filled fontcolor=white fillcolor=black];
"81_8" [label="8" style=filled fontcolor=white fillcolor=black];
"81_9" [label="9" style=filled fontcolor=white fillcolor=black];
"81_8" -- "81_9" [style=dashed];
"81_7" -- "81_8" [style=dashed];
"81_6" -- "81_7" [style=dashed];
"81_5" -- "81_6" [style=dashed];
"81_4" -- "81_5" [style=dashed];
"81_3" -- "81_4" [style=dashed];
"81_2" -- "81_3" [style=dashed];
"81_1" -- "81_2" [style=dashed];
"81_0" -- "81_1" [style=dashed];
}
subgraph cluster_82 {
"82_0" [label="0" style=filled fontcolor=white fillcolor=black];
"82_1" [label="1" style=filled fontcolor=white fillcolor=black];
"82_2" [label="2" style=filled fontcolor=white fillcolor=black];
"82_3" [label="3" style=filled fontcolor=white fillcolor=black];
"82_4" [label="4" style=filled fontcolor=white fillcolor=black];
"82_5" [label="5" style=filled fontcolor=white fillcolor=black];
"82_6" [label="6" style=filled fontcolor=white fillcolor=black];
"82_7" [label="7" style=filled fontcolor=white fillcolor=black];
"82_8" [label="8" style=filled fontcolor=white fillcolor=black];
"82_9" [label="9" style=filled fontcolor=white fillcolor=black];
"82_8" -- "82_9" [style=dashed];
"82_7" -- "82_8" [style=dashed];
"82_6" -- "82_7" [style=dashed];
"82_5" -- "82_6" [style=dashed];
"82_4" -- "82_5" [style=dashed];
"82_3" -- "82_4" [style=dashed];
"82_2" -- "82_3" [style=dashed];
"82_1" -- "82_2" [style=dashed];
"82_0" -- "82_1" [style=dashed];
}
subgraph cluster_83 {
"83_0" [label="0" style=filled fontcolor=white fillcolor=black];
"83_1" [label="1" style=filled fontcolor=white fillcolor=black];
"83_2" [label="2" style=filled fontcolor=white fillcolor=black];
"83_3" [label="3" style=filled fontcolor=white fillcolor=black];
"83_4" [label="4" style=filled fontcolor=white fillcolor=black];
"83_5" [label="5" style=filled fontcolor=white fillcolor=black];
"83_6" [label="6" style=filled fontcolor=white fillcolor=black];
"83_7" [label="7" style=filled fontcolor=white fillcolor=black];
"83_8" [label="8" style=filled fontcolor=white fillcolor=black];
"83_9" [label="9" style=filled fontcolor=white fillcolor=black];
"83_8" -- "83_9" [style=dashed];
"83_7" -- "83_8" [style=dashed];
"83_6" -- "83_7" [style=dashed];
"83_5" -- "83_6" [style=dashed];
"83_4" -- "83_5" [style=dashed];
"83_3" -- "83_4" [style=dashed];
"83_2" -- "83_3" [style=dashed];
"83_1" -- "83_2" [style=dashed];
"83_0" -- "83_1" [style=dashed];
}
subgraph cluster_84 {
"84_0" [label="0" style=filled fontcolor=white fillcolor=black];
"84_1" [label="1" style=filled fontcolor=white fillcolor=black];
"84_2" [label="2" style=filled fontcolor=white fillcolor=black];
"84_3" [label="3" style=filled fontcolor=white fillcolor=black];
"84_4" [label="4" style=filled fontcolor=white fillcolor=black];
"84_5" [label="5" style=filled fontcolor=white fillcolor=black];
"84_6" [label="6" style=filled fontcolor=white fillcolor=black];
"84_7" [label="7" style=filled fontcolor=white fillcolor=black];
"84_8" [label="8" style=filled fontcolor=white fillcolor=black];
"84_9" [label="9" style=filled fontcolor=white fillcolor=black];
"84_8" -- "84_9" [style=dashed];
"84_7" -- "84_8" [style=dashed];
"84_6" -- "84_7" [style=dashed];
"84_5" -- "84_6" [style=dashed];
"84_4" -- "84_5" [style=dashed];
"84_3" -- "84_4" [style=dashed];
"84_2" -- "84_3" [style=dashed];
"84_1" -- "84_2" [style=dashed];
"84_0" -- "84_1" [style=dashed];
}
subgraph cluster_85 {
"85_0" [label="0" style=filled fontcolor=white fillcolor=black];
"85_1" [label="1" style=filled fontcolor=white fillcolor=black];
"85_2" [label="2" style=filled fontcolor=white fillcolor=black];
"85_3" [label="3" style=filled fontcolor=white fillcolor=black];
"85_4" [label="4" style=filled fontcolor=white fillcolor=black];
"85_5" [label="5" style=filled fontcolor=white fillcolor=black];
"85_6" [label="6" style=filled fontcolor=white fillcolor=black];
"85_7" [label="7" style=filled fontcolor=white fillcolor=black];
"85_8" [label="8" style=filled fontcolor=white fillcolor=black];
"85_9" [label="9" style=filled fontcolor=white fillcolor=black];
"85_8" -- "85_9" [style=dashed];
"85_7" -- "85_8" [style=dashed];
"85_6" -- "85_7" [style=dashed];
"85_5" -- "85_6" [style=dashed];
"85_4" -- "85_5" [style=dashed];
"85_3" -- "85_4" [style=dashed];
"85_2" -- "85_3" [style=dashed];
"85_1" -- "85_2" [style=dashed];
"85_0" -- "85_1" [style=dashed];
}
subgraph cluster_86 {
"86_0" [label="0" style=filled fontcolor=white fillcolor=black];
"86_1" [label="1" style=filled fontcolor=white fillcolor=black];
"86_2" [label="2" style=filled fontcolor=white fillcolor=black];
"86_3" [label="3" style=filled fontcolor=white fillcolor=black];
"86_4" [label="4" style=filled fontcolor=white fillcolor=black];
"86_5" [label="5" style=filled fontcolor=white fillcolor=black];
"86_6" [label="6" style=filled fontcolor=white fillcolor=black];
"86_7" [label="7" style=filled fontcolor=white fillcolor=black];
"86_8" [label="8" style=filled fontcolor=white fillcolor=black];
"86_9" [label="9" style=filled fontcolor=white fillcolor=black];
"86_8" -- "86_9" [style=dashed];
"86_7" -- "86_8" [style=dashed];
"86_6" -- "86_7" [style=dashed];
"86_5" -- "86_6" [style=dashed];
"86_4" -- "86_5" [style=dashed];
"86_3" -- "86_4" [style=dashed];
"86_2" -- "86_3" [style=dashed];
"86_1" -- "86_2" [style=dashed];
"86_0" -- "86_1" [style=dashed];
}
subgraph cluster_87 {
"87_0" [label="0" style=filled fontcolor=white fillcolor=black];
"87_1" [label="1" style=filled fontcolor=white fillcolor=black];
"87_2" [label="2" style=filled fontcolor=white fillcolor=black];
"87_3" [label="3" style=filled fontcolor=white fillcolor=black];
"87_4" [label="4" style=filled fontcolor=white fillcolor=black];
"87_5" [label="5" style=filled fontcolor=white fillcolor=black];
"87_6" [label="6" style=filled fontcolor=white fillcolor=black];
"87_7" [label="7" style=filled fontcolor=white fillcolor=black];
"87_8" [label="8" style=filled fontcolor=white fillcolor=black];
"87_9" [label="9" style=filled fontcolor=white fillcolor=black];
"87_8" -- "87_9" [style=dashed];
"87_7" -- "87_8" [style=dashed];
"87_6" -- "87_7" [style=dashed];
"87_5" -- "87_6" [style=dashed];
"87_4" -- "87_5" [style=dashed];
"87_3" -- "87_4" [style=dashed];
"87_2" -- "87_3" [style=dashed];
"87_1" -- "87_2" [style=dashed];
"87_0" -- "87_1" [style=dashed];
}
subgraph cluster_88 {
"88_0" [label="0" style=filled fontcolor=white fillcolor=black];
"88_1" [label="1" style=filled fontcolor=white fillcolor=black];
"88_2" [label="2" style=filled fontcolor=white fillcolor=black];
"88_3" [label="3" style=filled fontcolor=white fillcolor=black];
"88_4" [label="4" style=filled fontcolor=white fillcolor=black];
"88_5" [label="5" style=filled fontcolor=white fillcolor=black];
"88_6" [label="6" style=filled fontcolor=white fillcolor=black];
"88_7" [label="7" style=filled fontcolor=white fillcolor=black];
"88_8" [label="8" style=filled fontcolor=white fillcolor=black];
"88_9" [label="9" style=filled fontcolor=white fillcolor=black];
"88_8" -- "88_9" [style=dashed];
"88_7" -- "88_8" [style=dashed];
"88_6" -- "88_7" [style=dashed];
"88_5" -- "88_6" [style=dashed];
"88_4" -- "88_5" [style=dashed];
"88_3" -- "88_4" [style=dashed];
"88_2" -- "88_3" [style=dashed];
"88_1" -- "88_2" [style=dashed];
"88_0" -- "88_1" [style=dashed];
}
subgraph cluster_89 {
"89_0" [label="0" style=filled fontcolor=white fillcolor=black];
"89_1" [label="1" style=filled fontcolor=white fillcolor=black];
"89_2" [label="2" style=filled fontcolor=white fillcolor=black];
"89_3" [label="3" style=filled fontcolor=white fillcolor=black];
"89_4" [label="4" style=filled fontcolor=white fillcolor=black];
"89_5" [label="5" style=filled fontcolor=white fillcolor=black];
"89_6" [label="6" style=filled fontcolor=white fillcolor=black];
"89_7" [label="7" style=filled fontcolor=white fillcolor=black];
"89_8" [label="8" style=filled fontcolor=white fillcolor=black];
"89_9" [label="9" style=filled fontcolor=white fillcolor=black];
"89_8" -- "89_9" [style=dashed];
"89_7" -- "89_8" [style=dashed];
"89_6" -- "89_7" [style=dashed];
"89_5" -- "89_6" [style=dashed];
"89_4" -- "89_5" [style=dashed];
"89_3" -- "89_4" [style=dashed];
"89_2" -- "89_3" [style=dashed];
"89_1" -- "89_2" [style=dashed];
"89_0" -- "89_1" [style=dashed];
}
subgraph cluster_90 {
"90_0" [label="0" style=filled fontcolor=white fillcolor=black];
"90_1" [label="1" style=filled fontcolor=white fillcolor=black];
"90_2" [label="2" style=filled fontcolor=white fillcolor=black];
"90_3" [label="3" style=filled fontcolor=white fillcolor=black];
"90_4" [label="4" style=filled fontcolor=white fillcolor=black];
"90_5" [label="5" style=filled fontcolor=white fillcolor=black];
"90_6" [label="6" style=filled fontcolor=white fillcolor=black];
"90_7" [label="7" style=filled fontcolor=white fillcolor=black];
"90_8" [label="8" style=filled fontcolor=white fillcolor=black];
"90_9" [label="9" style=filled fontcolor=white fillcolor=black];
"90_8" -- "90_9" [style=dashed];
"90_7" -- "90_8" [style=dashed];
"90_6" -- "90_7" [style=dashed];
"90_5" -- "90_6" [style=dashed];
"90_4" -- "90_5" [style=dashed];
"90_3" -- "90_4" [style=dashed];
"90_2" -- "90_3" [style=dashed];
"90_1" -- "90_2" [style=dashed];
"90_0" -- "90_1" [style=dashed];
}
subgraph cluster_91 {
"91_0" [label="0" style=filled fontcolor=white fillcolor=black];
"91_1" [label="1" style=filled fontcolor=white fillcolor=black];
"91_2" [label="2" style=filled fontcolor=white fillcolor=black];
"91_3" [label="3" style=filled fontcolor=white fillcolor=black];
"91_4" [label="4" style=filled fontcolor=white fillcolor=black];
"91_5" [label="5" style=filled fontcolor=white fillcolor=black];
"91_6" [label="6" style=filled fontcolor=white fillcolor=black];
"91_7" [label="7" style=filled fontcolor=white fillcolor=black];
"91_8" [label="8" style=filled fontcolor=white fillcolor=black];
"91_9" [label="9" style=filled fontcolor=white fillcolor=black];
"91_8" -- "91_9" [style=dashed];
"91_7" -- "91_8" [style=dashed];
"91_6" -- "91_7" [style=dashed];
"91_5" -- "91_6" [style=dashed];
"91_4" -- "91_5" [style=dashed];
"91_3" -- "91_4" [style=dashed];
"91_2" -- "91_3" [style=dashed];
"91_1" -- "91_2" [style=dashed];
"91_0" -- "91_1" [style=dashed];
}
subgraph cluster_92 {
"92_0" [label="0" style=filled fontcolor=white fillcolor=black];
"92_1" [label="1" style=filled fontcolor=white fillcolor=black];
"92_2" [label="2" style=filled fontcolor=white fillcolor=black];
"92_3" [label="3" style=filled fontcolor=white fillcolor=black];
"92_4" [label="4" style=filled fontcolor=white fillcolor=black];
"92_5" [label="5" style=filled fontcolor=white fillcolor=black];
"92_6" [label="6" style=filled fontcolor=white fillcolor=black];
"92_7" [label="7" style=filled fontcolor=white fillcolor=black];
"92_8" [label="8" style=filled fontcolor=white fillcolor=black];
"92_9" [label="9" style=filled fontcolor=white fillcolor=black];
"92_8" -- "92_9" [style=dashed];
"92_7" -- "92_8" [style=dashed];
"92_6" -- "92_7" [style=dashed];
"92_5" -- "92_6" [style=dashed];
"92_4" -- "92_5" [style=dashed];
"92_3" -- "92_4" [style=dashed];
"92_2" -- "92_3" [style=dashed];
"92_1" -- "92_2" [style=dashed];
"92_0" -- "92_1" [style=dashed];
}
subgraph cluster_93 {
"93_0" [label="0" style=filled fontcolor=white fillcolor=black];
"93_1" [label="1" style=filled fontcolor=white fillcolor=black];
"93_2" [label="2" style=filled fontcolor=white fillcolor=black];
"93_3" [label="3" style=filled fontcolor=white fillcolor=black];
"93_4" [label="4" style=filled fontcolor=white fillcolor=black];
"93_5" [label="5" style=filled fontcolor=white fillcolor=black];
"93_6" [label="6" style=filled fontcolor=white fillcolor=black];
"93_7" [label="7" style=filled fontcolor=white fillcolor=black];
"93_8" [label="8" style=filled fontcolor=white fillcolor=black];
"93_9" [label="9" style=filled fontcolor=white fillcolor=black];
"93_8" -- "93_9" [style=dashed];
"93_7" -- "93_8" [style=dashed];
"93_6" -- "93_7" [style=dashed];
"93_5" -- "93_6" [style=dashed];
"93_4" -- "93_5" [style=dashed];
"93_3" -- "93_4" [style=dashed];
"93_2" -- "93_3" [style=dashed];
"93_1" -- "93_2" [style=dashed];
"93_0" -- "93_1" [style=dashed];
}
subgraph cluster_94 {
"94_0" [label="0" style=filled fontcolor=white fillcolor=black];
"94_1" [label="1" style=filled fontcolor=white fillcolor=black];
"94_2" [label="2" style=filled fontcolor=white fillcolor=black];
"94_3" [label="3" style=filled fontcolor=white fillcolor=black];
"94_4" [label="4" style=filled fontcolor=white fillcolor=black];
"94_5" [label="5" style=filled fontcolor=white fillcolor=black];
"94_6" [label="6" style=filled fontcolor=white fillcolor=black];
"94_7" [label="7" style=filled fontcolor=white fillcolor=black];
"94_8" [label="8" style=filled fontcolor=white fillcolor=black];
"94_9" [label="9" style=filled fontcolor=white fillcolor=black];
"94_8" -- "94_9" [style=dashed];
"94_7" -- "94_8" [style=dashed];
"94_6" -- "94_7" [style=dashed];
"94_5" -- "94_6" [style=dashed];
"94_4" -- "94_5" [style=dashed];
"94_3" -- "94_4" [style=dashed];
"94_2" -- "94_3" [style=dashed];
"94_1" -- "94_2" [style=dashed];
"94_0" -- "94_1" [style=dashed];
}
subgraph cluster_95 {
"95_0" [label="0" style=filled fontcolor=white fillcolor=black];
"95_1" [label="1" style=filled fontcolor=white fillcolor=black];
"95_2" [label="2" style=filled fontcolor=white fillcolor=black];
"95_3" [label="3" style=filled fontcolor=white fillcolor=black];
"95_4" [label="4" style=filled fontcolor=white fillcolor=black];
"95_5" [label="5" style=filled fontcolor=white fillcolor=black];
"95_6" [label="6" style=filled fontcolor=white fillcolor=black];
"95_7" [label="7" style=filled fontcolor=white fillcolor=black];
"95_8" [label="8" style=filled fontcolor=white fillcolor=black];
"95_9" [label="9" style=filled fontcolor=white fillcolor=black];
"95_8" -- "95_9" [style=dashed];
"95_7" -- "95_8" [style=dashed];
"95_6" -- "95_7" [style=dashed];
"95_5" -- "95_6" [style=dashed];
"95_4" -- "95_5" [style=dashed];
"95_3" -- "95_4" [style=dashed];
"95_2" -- "95_3" [style=dashed];
"95_1" -- "95_2" [style=dashed];
"95_0" -- "95_1" [style=dashed];
}
subgraph cluster_96 {
"96_0" [label="0" style=filled fontcolor=white fillcolor=black];
"96_1" [label="1" style=filled fontcolor=white fillcolor=black];
"96_2" [label="2" style=filled fontcolor=white fillcolor=black];
"96_3" [label="3" style=filled fontcolor=white fillcolor=black];
"96_4" [label="4" style=filled fontcolor=white fillcolor=black];
"96_5" [label="5" style=filled fontcolor=white fillcolor=black];
"96_6" [label="6" style=filled fontcolor=white fillcolor=black];
"96_7" [label="7" style=filled fontcolor=white fillcolor=black];
"96_8" [label="8" style=filled fontcolor=white fillcolor=black];
"96_9" [label="9" style=filled fontcolor=white fillcolor=black];
"96_8" -- "96_9" [style=dashed];
"96_7" -- "96_8" [style=dashed];
"96_6" -- "96_7" [style=dashed];
"96_5" -- "96_6" [style=dashed];
"96_4" -- "96_5" [style=dashed];
"96_3" -- "96_4" [style=dashed];
"96_2" -- "96_3" [style=dashed];
"96_1" -- "96_2" [style=dashed];
"96_0" -- "96_1" [style=dashed];
}
subgraph cluster_97 {
"97_0" [label="0" style=filled fontcolor=white fillcolor=black];
"97_1" [label="1" style=filled fontcolor=white fillcolor=black];
"97_2" [label="2" style=filled fontcolor=white fillcolor=black];
"97_3" [label="3" style=filled fontcolor=white fillcolor=black];
"97_4" [label="4" style=filled fontcolor=white fillcolor=black];
"97_5" [label="5" style=filled fontcolor=white fillcolor=black];
"97_6" [label="6" style=filled fontcolor=white fillcolor=black];
"97_7" [label="7" style=filled fontcolor=white fillcolor=black];
"97_8" [label="8" style=filled fontcolor=white fillcolor=black];
"97_9" [label="9" style=filled fontcolor=white fillcolor=black];
"97_8" -- "97_9" [style=dashed];
"97_7" -- "97_8" [style=dashed];
"97_6" -- "97_7" [style=dashed];
"97_5" -- "97_6" [style=dashed];
"97_4" -- "97_5" [style=dashed];
"97_3" -- "97_4" [style=dashed];
"97_2" -- "97_3" [style=dashed];
"97_1" -- "97_2" [style=dashed];
"97_0" -- "97_1" [style=dashed];
}
subgraph cluster_98 {
"98_0" [label="0" style=filled fontcolor=white fillcolor=black];
"98_1" [label="1" style=filled fontcolor=white fillcolor=black];
"98_2" [label="2" style=filled fontcolor=white fillcolor=black];
"98_3" [label="3" style=filled fontcolor=white fillcolor=black];
"98_4" [label="4" style=filled fontcolor=white fillcolor=black];
"98_5" [label="5" style=filled fontcolor=white fillcolor=black];
"98_6" [label="6" style=filled fontcolor=white fillcolor=black];
"98_7" [label="7" style=filled fontcolor=white fillcolor=black];
"98_8" [label="8" style=filled fontcolor=white fillcolor=black];
"98_9" [label="9" style=filled fontcolor=white fillcolor=black];
"98_8" -- "98_9" [style=dashed];
"98_7" -- "98_8" [style=dashed];
"98_6" -- "98_7" [style=dashed];
"98_5" -- "98_6" [style=dashed];
"98_4" -- "98_5" [style=dashed];
"98_3" -- "98_4" [style=dashed];
"98_2" -- "98_3" [style=dashed];
"98_1" -- "98_2" [style=dashed];
"98_0" -- "98_1" [style=dashed];
}
subgraph cluster_99 {
"99_0" [label="0" style=filled fontcolor=white fillcolor=black];
"99_1" [label="1" style=filled fontcolor=white fillcolor=black];
"99_2" [label="2" style=filled fontcolor=white fillcolor=black];
"99_3" [label="3" style=filled fontcolor=white fillcolor=black];
"99_4" [label="4" style=filled fontcolor=white fillcolor=black];
"99_5" [label="5" style=filled fontcolor=white fillcolor=black];
"99_6" [label="6" style=filled fontcolor=white fillcolor=black];
"99_7" [label="7" style=filled fontcolor=white fillcolor=black];
"99_8" [label="8" style=filled fontcolor=white fillcolor=black];
"99_9" [label="9" style=filled fontcolor=white fillcolor=black];
"99_8" -- "99_9" [style=dashed];
"99_7" -- "99_8" [style=dashed];
"99_6" -- "99_7" [style=dashed];
"99_5" -- "99_6" [style=dashed];
"99_4" -- "99_5" [style=dashed];
"99_3" -- "99_4" [style=dashed];
"99_2" -- "99_3" [style=dashed];
"99_1" -- "99_2" [style=dashed];
"99_0" -- "99_1" [style=dashed];
}
subgraph cluster_100 {
"100_0" [label="0" style=filled fontcolor=white fillcolor=black];
"100_1" [label="1" style=filled fontcolor=white fillcolor=black];
"100_2" [label="2" style=filled fontcolor=white fillcolor=black];
"100_3" [label="3" style=filled fontcolor=white fillcolor=black];
"100_4" [label="4" style=filled fontcolor=white fillcolor=black];
"100_5" [label="5" style=filled fontcolor=white fillcolor=black];
"100_6" [label="6" style=filled fontcolor=white fillcolor=black];
"100_7" [label="7" style=filled fontcolor=white fillcolor=black];
"100_8" [label="8" style=filled fontcolor=white fillcolor=black];
"100_9" [label="9" style=filled fontcolor=white fillcolor=black];
"100_8" -- "100_9" [style=dashed];
"100_7" -- "100_8" [style=dashed];
"100_6" -- "100_7" [style=dashed];
"100_5" -- "100_6" [style=dashed];
"100_4" -- "100_5" [style=dashed];
"100_3" -- "100_4" [style=dashed];
"100_2" -- "100_3" [style=dashed];
"100_1" -- "100_2" [style=dashed];
"100_0" -- "100_1" [style=dashed];
}
}
